{"/Users/prabhas/Downloads/farmer-marketplace-backend/src/app.js": {"path":"/Users/prabhas/Downloads/farmer-marketplace-backend/src/app.js","statementMap":{"0":{"start":{"line":1,"column":16},"end":{"line":1,"column":34}},"1":{"start":{"line":2,"column":18},"end":{"line":2,"column":40}},"2":{"start":{"line":3,"column":0},"end":{"line":3,"column":27}},"3":{"start":{"line":5,"column":12},"end":{"line":5,"column":21}},"4":{"start":{"line":6,"column":13},"end":{"line":6,"column":28}},"5":{"start":{"line":8,"column":0},"end":{"line":8,"column":24}},"6":{"start":{"line":9,"column":0},"end":{"line":16,"column":4}},"7":{"start":{"line":18,"column":0},"end":{"line":20,"column":1}},"8":{"start":{"line":19,"column":2},"end":{"line":19,"column":14}},"9":{"start":{"line":22,"column":0},"end":{"line":24,"column":3}},"10":{"start":{"line":23,"column":2},"end":{"line":23,"column":46}},"11":{"start":{"line":26,"column":19},"end":{"line":26,"column":49}},"12":{"start":{"line":27,"column":24},"end":{"line":27,"column":59}},"13":{"start":{"line":29,"column":0},"end":{"line":29,"column":34}},"14":{"start":{"line":30,"column":0},"end":{"line":30,"column":65}},"15":{"start":{"line":31,"column":0},"end":{"line":31,"column":53}},"16":{"start":{"line":32,"column":0},"end":{"line":32,"column":60}},"17":{"start":{"line":34,"column":0},"end":{"line":34,"column":55}},"18":{"start":{"line":35,"column":0},"end":{"line":35,"column":63}},"19":{"start":{"line":36,"column":0},"end":{"line":36,"column":63}},"20":{"start":{"line":37,"column":0},"end":{"line":37,"column":53}},"21":{"start":{"line":38,"column":0},"end":{"line":38,"column":54}},"22":{"start":{"line":39,"column":0},"end":{"line":39,"column":55}},"23":{"start":{"line":40,"column":0},"end":{"line":40,"column":60}},"24":{"start":{"line":41,"column":0},"end":{"line":41,"column":43}},"25":{"start":{"line":45,"column":0},"end":{"line":45,"column":62}},"26":{"start":{"line":49,"column":0},"end":{"line":49,"column":21}}},"fnMap":{"0":{"name":"(anonymous_0)","decl":{"start":{"line":22,"column":13},"end":{"line":22,"column":14}},"loc":{"start":{"line":22,"column":27},"end":{"line":24,"column":1}},"line":22}},"branchMap":{"0":{"loc":{"start":{"line":18,"column":0},"end":{"line":20,"column":1}},"type":"if","locations":[{"start":{"line":18,"column":0},"end":{"line":20,"column":1}},{"start":{},"end":{}}],"line":18}},"s":{"0":10,"1":10,"2":10,"3":10,"4":10,"5":10,"6":10,"7":10,"8":0,"9":10,"10":0,"11":10,"12":10,"13":10,"14":10,"15":10,"16":10,"17":10,"18":10,"19":10,"20":10,"21":10,"22":10,"23":10,"24":10,"25":10,"26":10},"f":{"0":0},"b":{"0":[0,10]},"_coverageSchema":"1a1c01bbd47fc00a2c39e90264f33305004495a9","hash":"b9b86e4964d71abc8cdabbabd8ee40780ff750db"}
,"/Users/prabhas/Downloads/farmer-marketplace-backend/src/config/db.js": {"path":"/Users/prabhas/Downloads/farmer-marketplace-backend/src/config/db.js","statementMap":{"0":{"start":{"line":1,"column":17},"end":{"line":1,"column":36}},"1":{"start":{"line":3,"column":18},"end":{"line":11,"column":1}},"2":{"start":{"line":4,"column":2},"end":{"line":10,"column":3}},"3":{"start":{"line":5,"column":4},"end":{"line":5,"column":50}},"4":{"start":{"line":6,"column":4},"end":{"line":6,"column":43}},"5":{"start":{"line":8,"column":4},"end":{"line":8,"column":51}},"6":{"start":{"line":9,"column":4},"end":{"line":9,"column":20}},"7":{"start":{"line":13,"column":0},"end":{"line":13,"column":27}}},"fnMap":{"0":{"name":"(anonymous_0)","decl":{"start":{"line":3,"column":18},"end":{"line":3,"column":19}},"loc":{"start":{"line":3,"column":30},"end":{"line":11,"column":1}},"line":3}},"branchMap":{},"s":{"0":10,"1":10,"2":0,"3":0,"4":0,"5":0,"6":0,"7":10},"f":{"0":0},"b":{},"_coverageSchema":"1a1c01bbd47fc00a2c39e90264f33305004495a9","hash":"7674d9a79bd9f61921eae1ba7999ed0a70691ff5"}
,"/Users/prabhas/Downloads/farmer-marketplace-backend/src/controllers/adminController.js": {"path":"/Users/prabhas/Downloads/farmer-marketplace-backend/src/controllers/adminController.js","statementMap":{"0":{"start":{"line":1,"column":13},"end":{"line":1,"column":38}},"1":{"start":{"line":2,"column":20},"end":{"line":2,"column":50}},"2":{"start":{"line":3,"column":13},"end":{"line":3,"column":38}},"3":{"start":{"line":5,"column":0},"end":{"line":35,"column":2}},"4":{"start":{"line":6,"column":4},"end":{"line":34,"column":5}},"5":{"start":{"line":7,"column":29},"end":{"line":7,"column":74}},"6":{"start":{"line":8,"column":28},"end":{"line":8,"column":72}},"7":{"start":{"line":9,"column":31},"end":{"line":9,"column":85}},"8":{"start":{"line":12,"column":31},"end":{"line":12,"column":70}},"9":{"start":{"line":13,"column":31},"end":{"line":13,"column":120}},"10":{"start":{"line":13,"column":68},"end":{"line":13,"column":116}},"11":{"start":{"line":16,"column":27},"end":{"line":16,"column":37}},"12":{"start":{"line":17,"column":8},"end":{"line":17,"column":40}},"13":{"start":{"line":18,"column":28},"end":{"line":18,"column":90}},"14":{"start":{"line":20,"column":8},"end":{"line":31,"column":11}},"15":{"start":{"line":33,"column":8},"end":{"line":33,"column":71}},"16":{"start":{"line":37,"column":0},"end":{"line":72,"column":2}},"17":{"start":{"line":38,"column":4},"end":{"line":71,"column":5}},"18":{"start":{"line":39,"column":29},"end":{"line":43,"column":39}},"19":{"start":{"line":45,"column":28},"end":{"line":47,"column":21}},"20":{"start":{"line":49,"column":8},"end":{"line":68,"column":11}},"21":{"start":{"line":52,"column":47},"end":{"line":60,"column":17}},"22":{"start":{"line":61,"column":53},"end":{"line":66,"column":17}},"23":{"start":{"line":70,"column":8},"end":{"line":70,"column":71}},"24":{"start":{"line":74,"column":0},"end":{"line":96,"column":2}},"25":{"start":{"line":75,"column":4},"end":{"line":95,"column":5}},"26":{"start":{"line":76,"column":23},"end":{"line":79,"column":39}},"27":{"start":{"line":81,"column":8},"end":{"line":92,"column":11}},"28":{"start":{"line":83,"column":37},"end":{"line":91,"column":13}},"29":{"start":{"line":94,"column":8},"end":{"line":94,"column":71}},"30":{"start":{"line":98,"column":0},"end":{"line":187,"column":2}},"31":{"start":{"line":99,"column":4},"end":{"line":186,"column":5}},"32":{"start":{"line":101,"column":29},"end":{"line":101,"column":39}},"33":{"start":{"line":102,"column":8},"end":{"line":102,"column":59}},"34":{"start":{"line":103,"column":8},"end":{"line":103,"column":32}},"35":{"start":{"line":104,"column":8},"end":{"line":104,"column":42}},"36":{"start":{"line":106,"column":22},"end":{"line":109,"column":10}},"37":{"start":{"line":111,"column":23},"end":{"line":111,"column":107}},"38":{"start":{"line":112,"column":34},"end":{"line":112,"column":36}},"39":{"start":{"line":113,"column":31},"end":{"line":113,"column":33}},"40":{"start":{"line":115,"column":8},"end":{"line":121,"column":9}},"41":{"start":{"line":115,"column":21},"end":{"line":115,"column":22}},"42":{"start":{"line":116,"column":22},"end":{"line":116,"column":32}},"43":{"start":{"line":117,"column":12},"end":{"line":117,"column":50}},"44":{"start":{"line":118,"column":26},"end":{"line":118,"column":46}},"45":{"start":{"line":119,"column":12},"end":{"line":119,"column":42}},"46":{"start":{"line":120,"column":12},"end":{"line":120,"column":38}},"47":{"start":{"line":123,"column":8},"end":{"line":128,"column":11}},"48":{"start":{"line":124,"column":31},"end":{"line":124,"column":74}},"49":{"start":{"line":125,"column":12},"end":{"line":127,"column":13}},"50":{"start":{"line":126,"column":16},"end":{"line":126,"column":84}},"51":{"start":{"line":130,"column":28},"end":{"line":130,"column":88}},"52":{"start":{"line":130,"column":59},"end":{"line":130,"column":87}},"53":{"start":{"line":133,"column":27},"end":{"line":136,"column":10}},"54":{"start":{"line":138,"column":31},"end":{"line":144,"column":9}},"55":{"start":{"line":146,"column":29},"end":{"line":152,"column":11}},"56":{"start":{"line":146,"column":107},"end":{"line":152,"column":9}},"57":{"start":{"line":155,"column":28},"end":{"line":166,"column":10}},"58":{"start":{"line":168,"column":8},"end":{"line":182,"column":11}},"59":{"start":{"line":176,"column":51},"end":{"line":180,"column":17}},"60":{"start":{"line":185,"column":8},"end":{"line":185,"column":71}}},"fnMap":{"0":{"name":"(anonymous_0)","decl":{"start":{"line":5,"column":19},"end":{"line":5,"column":20}},"loc":{"start":{"line":5,"column":39},"end":{"line":35,"column":1}},"line":5},"1":{"name":"(anonymous_1)","decl":{"start":{"line":13,"column":53},"end":{"line":13,"column":54}},"loc":{"start":{"line":13,"column":68},"end":{"line":13,"column":116}},"line":13},"2":{"name":"(anonymous_2)","decl":{"start":{"line":37,"column":30},"end":{"line":37,"column":31}},"loc":{"start":{"line":37,"column":50},"end":{"line":72,"column":1}},"line":37},"3":{"name":"(anonymous_3)","decl":{"start":{"line":52,"column":41},"end":{"line":52,"column":42}},"loc":{"start":{"line":52,"column":47},"end":{"line":60,"column":17}},"line":52},"4":{"name":"(anonymous_4)","decl":{"start":{"line":61,"column":47},"end":{"line":61,"column":48}},"loc":{"start":{"line":61,"column":53},"end":{"line":66,"column":17}},"line":61},"5":{"name":"(anonymous_5)","decl":{"start":{"line":74,"column":23},"end":{"line":74,"column":24}},"loc":{"start":{"line":74,"column":43},"end":{"line":96,"column":1}},"line":74},"6":{"name":"(anonymous_6)","decl":{"start":{"line":83,"column":31},"end":{"line":83,"column":32}},"loc":{"start":{"line":83,"column":37},"end":{"line":91,"column":13}},"line":83},"7":{"name":"(anonymous_7)","decl":{"start":{"line":98,"column":23},"end":{"line":98,"column":24}},"loc":{"start":{"line":98,"column":43},"end":{"line":187,"column":1}},"line":98},"8":{"name":"(anonymous_8)","decl":{"start":{"line":123,"column":22},"end":{"line":123,"column":23}},"loc":{"start":{"line":123,"column":30},"end":{"line":128,"column":9}},"line":123},"9":{"name":"(anonymous_9)","decl":{"start":{"line":130,"column":50},"end":{"line":130,"column":51}},"loc":{"start":{"line":130,"column":59},"end":{"line":130,"column":87}},"line":130},"10":{"name":"(anonymous_10)","decl":{"start":{"line":146,"column":101},"end":{"line":146,"column":102}},"loc":{"start":{"line":146,"column":107},"end":{"line":152,"column":9}},"line":146},"11":{"name":"(anonymous_11)","decl":{"start":{"line":176,"column":45},"end":{"line":176,"column":46}},"loc":{"start":{"line":176,"column":51},"end":{"line":180,"column":17}},"line":176}},"branchMap":{"0":{"loc":{"start":{"line":13,"column":75},"end":{"line":13,"column":115}},"type":"binary-expr","locations":[{"start":{"line":13,"column":75},"end":{"line":13,"column":110}},{"start":{"line":13,"column":114},"end":{"line":13,"column":115}}],"line":13},"1":{"loc":{"start":{"line":54,"column":27},"end":{"line":54,"column":53}},"type":"binary-expr","locations":[{"start":{"line":54,"column":27},"end":{"line":54,"column":40}},{"start":{"line":54,"column":44},"end":{"line":54,"column":53}}],"line":54},"2":{"loc":{"start":{"line":55,"column":28},"end":{"line":55,"column":55}},"type":"binary-expr","locations":[{"start":{"line":55,"column":28},"end":{"line":55,"column":42}},{"start":{"line":55,"column":46},"end":{"line":55,"column":55}}],"line":55},"3":{"loc":{"start":{"line":56,"column":26},"end":{"line":56,"column":45}},"type":"binary-expr","locations":[{"start":{"line":56,"column":26},"end":{"line":56,"column":32}},{"start":{"line":56,"column":36},"end":{"line":56,"column":45}}],"line":56},"4":{"loc":{"start":{"line":65,"column":30},"end":{"line":65,"column":49}},"type":"binary-expr","locations":[{"start":{"line":65,"column":30},"end":{"line":65,"column":40}},{"start":{"line":65,"column":44},"end":{"line":65,"column":49}}],"line":65},"5":{"loc":{"start":{"line":85,"column":23},"end":{"line":85,"column":49}},"type":"binary-expr","locations":[{"start":{"line":85,"column":23},"end":{"line":85,"column":36}},{"start":{"line":85,"column":40},"end":{"line":85,"column":49}}],"line":85},"6":{"loc":{"start":{"line":86,"column":24},"end":{"line":86,"column":51}},"type":"binary-expr","locations":[{"start":{"line":86,"column":24},"end":{"line":86,"column":38}},{"start":{"line":86,"column":42},"end":{"line":86,"column":51}}],"line":86},"7":{"loc":{"start":{"line":125,"column":12},"end":{"line":127,"column":13}},"type":"if","locations":[{"start":{"line":125,"column":12},"end":{"line":127,"column":13}},{"start":{},"end":{}}],"line":125},"8":{"loc":{"start":{"line":146,"column":30},"end":{"line":146,"column":95}},"type":"cond-expr","locations":[{"start":{"line":146,"column":54},"end":{"line":146,"column":64}},{"start":{"line":146,"column":67},"end":{"line":146,"column":95}}],"line":146},"9":{"loc":{"start":{"line":147,"column":18},"end":{"line":147,"column":34}},"type":"binary-expr","locations":[{"start":{"line":147,"column":18},"end":{"line":147,"column":23}},{"start":{"line":147,"column":27},"end":{"line":147,"column":34}}],"line":147},"10":{"loc":{"start":{"line":149,"column":19},"end":{"line":149,"column":53}},"type":"binary-expr","locations":[{"start":{"line":149,"column":19},"end":{"line":149,"column":40}},{"start":{"line":149,"column":44},"end":{"line":149,"column":53}}],"line":149},"11":{"loc":{"start":{"line":173,"column":26},"end":{"line":173,"column":83}},"type":"cond-expr","locations":[{"start":{"line":173,"column":51},"end":{"line":173,"column":62}},{"start":{"line":173,"column":65},"end":{"line":173,"column":83}}],"line":173},"12":{"loc":{"start":{"line":178,"column":31},"end":{"line":178,"column":122}},"type":"cond-expr","locations":[{"start":{"line":178,"column":51},"end":{"line":178,"column":86}},{"start":{"line":178,"column":89},"end":{"line":178,"column":122}}],"line":178},"13":{"loc":{"start":{"line":179,"column":31},"end":{"line":179,"column":106}},"type":"cond-expr","locations":[{"start":{"line":179,"column":50},"end":{"line":179,"column":88}},{"start":{"line":179,"column":91},"end":{"line":179,"column":106}}],"line":179}},"s":{"0":10,"1":10,"2":10,"3":10,"4":0,"5":0,"6":0,"7":0,"8":0,"9":0,"10":0,"11":0,"12":0,"13":0,"14":0,"15":0,"16":10,"17":0,"18":0,"19":0,"20":0,"21":0,"22":0,"23":0,"24":10,"25":0,"26":0,"27":0,"28":0,"29":0,"30":10,"31":0,"32":0,"33":0,"34":0,"35":0,"36":0,"37":0,"38":0,"39":0,"40":0,"41":0,"42":0,"43":0,"44":0,"45":0,"46":0,"47":0,"48":0,"49":0,"50":0,"51":0,"52":0,"53":0,"54":0,"55":0,"56":0,"57":0,"58":0,"59":0,"60":0},"f":{"0":0,"1":0,"2":0,"3":0,"4":0,"5":0,"6":0,"7":0,"8":0,"9":0,"10":0,"11":0},"b":{"0":[0,0],"1":[0,0],"2":[0,0],"3":[0,0],"4":[0,0],"5":[0,0],"6":[0,0],"7":[0,0],"8":[0,0],"9":[0,0],"10":[0,0],"11":[0,0],"12":[0,0],"13":[0,0]},"_coverageSchema":"1a1c01bbd47fc00a2c39e90264f33305004495a9","hash":"6046e450a3bfaf2753ab5af0edebf6b577544ca5"}
,"/Users/prabhas/Downloads/farmer-marketplace-backend/src/controllers/analyticsController.js": {"path":"/Users/prabhas/Downloads/farmer-marketplace-backend/src/controllers/analyticsController.js","statementMap":{"0":{"start":{"line":1,"column":18},"end":{"line":1,"column":42}},"1":{"start":{"line":2,"column":13},"end":{"line":2,"column":28}},"2":{"start":{"line":3,"column":19},"end":{"line":3,"column":50}},"3":{"start":{"line":4,"column":23},"end":{"line":4,"column":58}},"4":{"start":{"line":7,"column":24},"end":{"line":14,"column":1}},"5":{"start":{"line":19,"column":28},"end":{"line":54,"column":1}},"6":{"start":{"line":20,"column":4},"end":{"line":53,"column":7}},"7":{"start":{"line":21,"column":29},"end":{"line":21,"column":69}},"8":{"start":{"line":23,"column":23},"end":{"line":23,"column":55}},"9":{"start":{"line":25,"column":25},"end":{"line":25,"column":27}},"10":{"start":{"line":26,"column":26},"end":{"line":26,"column":28}},"11":{"start":{"line":28,"column":8},"end":{"line":30,"column":11}},"12":{"start":{"line":29,"column":12},"end":{"line":29,"column":42}},"13":{"start":{"line":32,"column":8},"end":{"line":34,"column":11}},"14":{"start":{"line":33,"column":12},"end":{"line":33,"column":43}},"15":{"start":{"line":36,"column":8},"end":{"line":47,"column":11}},"16":{"start":{"line":37,"column":12},"end":{"line":39,"column":13}},"17":{"start":{"line":38,"column":16},"end":{"line":38,"column":81}},"18":{"start":{"line":40,"column":12},"end":{"line":46,"column":13}},"19":{"start":{"line":41,"column":31},"end":{"line":41,"column":53}},"20":{"start":{"line":42,"column":16},"end":{"line":42,"column":73}},"21":{"start":{"line":42,"column":34},"end":{"line":42,"column":73}},"22":{"start":{"line":43,"column":16},"end":{"line":43,"column":49}},"23":{"start":{"line":45,"column":16},"end":{"line":45,"column":63}},"24":{"start":{"line":50,"column":26},"end":{"line":50,"column":78}},"25":{"start":{"line":51,"column":8},"end":{"line":51,"column":38}},"26":{"start":{"line":52,"column":8},"end":{"line":52,"column":27}},"27":{"start":{"line":59,"column":31},"end":{"line":81,"column":1}},"28":{"start":{"line":60,"column":4},"end":{"line":62,"column":5}},"29":{"start":{"line":61,"column":8},"end":{"line":61,"column":62}},"30":{"start":{"line":64,"column":21},"end":{"line":64,"column":49}},"31":{"start":{"line":65,"column":25},"end":{"line":65,"column":58}},"32":{"start":{"line":66,"column":25},"end":{"line":66,"column":76}},"33":{"start":{"line":68,"column":20},"end":{"line":68,"column":28}},"34":{"start":{"line":69,"column":4},"end":{"line":70,"column":56}},"35":{"start":{"line":69,"column":40},"end":{"line":69,"column":59}},"36":{"start":{"line":70,"column":9},"end":{"line":70,"column":56}},"37":{"start":{"line":70,"column":38},"end":{"line":70,"column":56}},"38":{"start":{"line":72,"column":20},"end":{"line":72,"column":83}},"39":{"start":{"line":74,"column":4},"end":{"line":80,"column":5}},"40":{"start":{"line":75,"column":8},"end":{"line":75,"column":195}},"41":{"start":{"line":76,"column":11},"end":{"line":80,"column":5}},"42":{"start":{"line":77,"column":8},"end":{"line":77,"column":162}},"43":{"start":{"line":79,"column":8},"end":{"line":79,"column":140}},"44":{"start":{"line":87,"column":0},"end":{"line":211,"column":2}},"45":{"start":{"line":88,"column":4},"end":{"line":210,"column":5}},"46":{"start":{"line":89,"column":40},"end":{"line":89,"column":49}},"47":{"start":{"line":91,"column":8},"end":{"line":93,"column":9}},"48":{"start":{"line":92,"column":12},"end":{"line":92,"column":111}},"49":{"start":{"line":96,"column":25},"end":{"line":96,"column":63}},"50":{"start":{"line":97,"column":30},"end":{"line":101,"column":10}},"51":{"start":{"line":103,"column":8},"end":{"line":115,"column":9}},"52":{"start":{"line":104,"column":12},"end":{"line":104,"column":96}},"53":{"start":{"line":105,"column":12},"end":{"line":114,"column":15}},"54":{"start":{"line":119,"column":24},"end":{"line":119,"column":67}},"55":{"start":{"line":122,"column":30},"end":{"line":122,"column":82}},"56":{"start":{"line":123,"column":8},"end":{"line":123,"column":46}},"57":{"start":{"line":125,"column":31},"end":{"line":125,"column":33}},"58":{"start":{"line":126,"column":22},"end":{"line":126,"column":32}},"59":{"start":{"line":129,"column":8},"end":{"line":142,"column":9}},"60":{"start":{"line":129,"column":21},"end":{"line":129,"column":23}},"61":{"start":{"line":130,"column":22},"end":{"line":130,"column":37}},"62":{"start":{"line":131,"column":12},"end":{"line":131,"column":43}},"63":{"start":{"line":134,"column":37},"end":{"line":134,"column":75}},"64":{"start":{"line":135,"column":32},"end":{"line":135,"column":74}},"65":{"start":{"line":136,"column":35},"end":{"line":136,"column":77}},"66":{"start":{"line":138,"column":12},"end":{"line":141,"column":15}},"67":{"start":{"line":145,"column":8},"end":{"line":158,"column":9}},"68":{"start":{"line":146,"column":12},"end":{"line":146,"column":84}},"69":{"start":{"line":147,"column":28},"end":{"line":154,"column":15}},"70":{"start":{"line":147,"column":53},"end":{"line":154,"column":13}},"71":{"start":{"line":155,"column":12},"end":{"line":155,"column":49}},"72":{"start":{"line":157,"column":12},"end":{"line":157,"column":93}},"73":{"start":{"line":161,"column":27},"end":{"line":161,"column":46}},"74":{"start":{"line":162,"column":37},"end":{"line":162,"column":90}},"75":{"start":{"line":165,"column":30},"end":{"line":172,"column":10}},"76":{"start":{"line":166,"column":22},"end":{"line":166,"column":37}},"77":{"start":{"line":167,"column":12},"end":{"line":167,"column":49}},"78":{"start":{"line":168,"column":12},"end":{"line":171,"column":14}},"79":{"start":{"line":175,"column":31},"end":{"line":175,"column":104}},"80":{"start":{"line":178,"column":8},"end":{"line":189,"column":9}},"81":{"start":{"line":179,"column":12},"end":{"line":186,"column":15}},"82":{"start":{"line":188,"column":12},"end":{"line":188,"column":88}},"83":{"start":{"line":192,"column":8},"end":{"line":201,"column":11}},"84":{"start":{"line":204,"column":8},"end":{"line":204,"column":50}},"85":{"start":{"line":205,"column":8},"end":{"line":209,"column":11}}},"fnMap":{"0":{"name":"(anonymous_0)","decl":{"start":{"line":19,"column":28},"end":{"line":19,"column":29}},"loc":{"start":{"line":19,"column":60},"end":{"line":54,"column":1}},"line":19},"1":{"name":"(anonymous_1)","decl":{"start":{"line":20,"column":23},"end":{"line":20,"column":24}},"loc":{"start":{"line":20,"column":44},"end":{"line":53,"column":5}},"line":20},"2":{"name":"(anonymous_2)","decl":{"start":{"line":28,"column":33},"end":{"line":28,"column":34}},"loc":{"start":{"line":28,"column":43},"end":{"line":30,"column":9}},"line":28},"3":{"name":"(anonymous_3)","decl":{"start":{"line":32,"column":33},"end":{"line":32,"column":34}},"loc":{"start":{"line":32,"column":43},"end":{"line":34,"column":9}},"line":32},"4":{"name":"(anonymous_4)","decl":{"start":{"line":36,"column":27},"end":{"line":36,"column":28}},"loc":{"start":{"line":36,"column":37},"end":{"line":47,"column":9}},"line":36},"5":{"name":"(anonymous_5)","decl":{"start":{"line":59,"column":31},"end":{"line":59,"column":32}},"loc":{"start":{"line":59,"column":83},"end":{"line":81,"column":1}},"line":59},"6":{"name":"(anonymous_6)","decl":{"start":{"line":87,"column":27},"end":{"line":87,"column":28}},"loc":{"start":{"line":87,"column":47},"end":{"line":211,"column":1}},"line":87},"7":{"name":"(anonymous_7)","decl":{"start":{"line":147,"column":47},"end":{"line":147,"column":48}},"loc":{"start":{"line":147,"column":53},"end":{"line":154,"column":13}},"line":147},"8":{"name":"(anonymous_8)","decl":{"start":{"line":165,"column":55},"end":{"line":165,"column":56}},"loc":{"start":{"line":165,"column":71},"end":{"line":172,"column":9}},"line":165}},"branchMap":{"0":{"loc":{"start":{"line":37,"column":12},"end":{"line":39,"column":13}},"type":"if","locations":[{"start":{"line":37,"column":12},"end":{"line":39,"column":13}},{"start":{},"end":{}}],"line":37},"1":{"loc":{"start":{"line":37,"column":16},"end":{"line":37,"column":41}},"type":"binary-expr","locations":[{"start":{"line":37,"column":16},"end":{"line":37,"column":26}},{"start":{"line":37,"column":30},"end":{"line":37,"column":41}}],"line":37},"2":{"loc":{"start":{"line":42,"column":16},"end":{"line":42,"column":73}},"type":"if","locations":[{"start":{"line":42,"column":16},"end":{"line":42,"column":73}},{"start":{},"end":{}}],"line":42},"3":{"loc":{"start":{"line":60,"column":4},"end":{"line":62,"column":5}},"type":"if","locations":[{"start":{"line":60,"column":4},"end":{"line":62,"column":5}},{"start":{},"end":{}}],"line":60},"4":{"loc":{"start":{"line":60,"column":8},"end":{"line":60,"column":56}},"type":"binary-expr","locations":[{"start":{"line":60,"column":8},"end":{"line":60,"column":24}},{"start":{"line":60,"column":28},"end":{"line":60,"column":56}}],"line":60},"5":{"loc":{"start":{"line":69,"column":4},"end":{"line":70,"column":56}},"type":"if","locations":[{"start":{"line":69,"column":4},"end":{"line":70,"column":56}},{"start":{"line":70,"column":9},"end":{"line":70,"column":56}}],"line":69},"6":{"loc":{"start":{"line":70,"column":9},"end":{"line":70,"column":56}},"type":"if","locations":[{"start":{"line":70,"column":9},"end":{"line":70,"column":56}},{"start":{},"end":{}}],"line":70},"7":{"loc":{"start":{"line":72,"column":20},"end":{"line":72,"column":83}},"type":"cond-expr","locations":[{"start":{"line":72,"column":41},"end":{"line":72,"column":51}},{"start":{"line":72,"column":54},"end":{"line":72,"column":83}}],"line":72},"8":{"loc":{"start":{"line":74,"column":4},"end":{"line":80,"column":5}},"type":"if","locations":[{"start":{"line":74,"column":4},"end":{"line":80,"column":5}},{"start":{"line":76,"column":11},"end":{"line":80,"column":5}}],"line":74},"9":{"loc":{"start":{"line":76,"column":11},"end":{"line":80,"column":5}},"type":"if","locations":[{"start":{"line":76,"column":11},"end":{"line":80,"column":5}},{"start":{"line":78,"column":11},"end":{"line":80,"column":5}}],"line":76},"10":{"loc":{"start":{"line":89,"column":27},"end":{"line":89,"column":35}},"type":"default-arg","locations":[{"start":{"line":89,"column":34},"end":{"line":89,"column":35}}],"line":89},"11":{"loc":{"start":{"line":91,"column":8},"end":{"line":93,"column":9}},"type":"if","locations":[{"start":{"line":91,"column":8},"end":{"line":93,"column":9}},{"start":{},"end":{}}],"line":91},"12":{"loc":{"start":{"line":91,"column":12},"end":{"line":91,"column":27}},"type":"binary-expr","locations":[{"start":{"line":91,"column":12},"end":{"line":91,"column":17}},{"start":{"line":91,"column":21},"end":{"line":91,"column":27}}],"line":91},"13":{"loc":{"start":{"line":103,"column":8},"end":{"line":115,"column":9}},"type":"if","locations":[{"start":{"line":103,"column":8},"end":{"line":115,"column":9}},{"start":{},"end":{}}],"line":103},"14":{"loc":{"start":{"line":119,"column":24},"end":{"line":119,"column":67}},"type":"binary-expr","locations":[{"start":{"line":119,"column":24},"end":{"line":119,"column":59}},{"start":{"line":119,"column":63},"end":{"line":119,"column":67}}],"line":119},"15":{"loc":{"start":{"line":122,"column":57},"end":{"line":122,"column":81}},"type":"binary-expr","locations":[{"start":{"line":122,"column":57},"end":{"line":122,"column":76}},{"start":{"line":122,"column":80},"end":{"line":122,"column":81}}],"line":122},"16":{"loc":{"start":{"line":161,"column":27},"end":{"line":161,"column":46}},"type":"binary-expr","locations":[{"start":{"line":161,"column":27},"end":{"line":161,"column":41}},{"start":{"line":161,"column":45},"end":{"line":161,"column":46}}],"line":161}},"s":{"0":10,"1":10,"2":10,"3":10,"4":10,"5":10,"6":0,"7":0,"8":0,"9":0,"10":0,"11":0,"12":0,"13":0,"14":0,"15":0,"16":0,"17":0,"18":0,"19":0,"20":0,"21":0,"22":0,"23":0,"24":0,"25":0,"26":0,"27":10,"28":0,"29":0,"30":0,"31":0,"32":0,"33":0,"34":0,"35":0,"36":0,"37":0,"38":0,"39":0,"40":0,"41":0,"42":0,"43":0,"44":10,"45":6,"46":6,"47":6,"48":1,"49":5,"50":5,"51":5,"52":5,"53":5,"54":0,"55":0,"56":0,"57":0,"58":0,"59":0,"60":0,"61":0,"62":0,"63":0,"64":0,"65":0,"66":0,"67":0,"68":0,"69":0,"70":0,"71":0,"72":0,"73":0,"74":0,"75":0,"76":0,"77":0,"78":0,"79":0,"80":0,"81":0,"82":0,"83":0,"84":0,"85":0},"f":{"0":0,"1":0,"2":0,"3":0,"4":0,"5":0,"6":6,"7":0,"8":0},"b":{"0":[0,0],"1":[0,0],"2":[0,0],"3":[0,0],"4":[0,0],"5":[0,0],"6":[0,0],"7":[0,0],"8":[0,0],"9":[0,0],"10":[2],"11":[1,5],"12":[6,5],"13":[5,0],"14":[0,0],"15":[0,0],"16":[0,0]},"_coverageSchema":"1a1c01bbd47fc00a2c39e90264f33305004495a9","hash":"218526b4791799dd73e714136b4af0972d98c927"}
,"/Users/prabhas/Downloads/farmer-marketplace-backend/src/controllers/auctionController.js": {"path":"/Users/prabhas/Downloads/farmer-marketplace-backend/src/controllers/auctionController.js","statementMap":{"0":{"start":{"line":1,"column":16},"end":{"line":1,"column":44}},"1":{"start":{"line":4,"column":0},"end":{"line":20,"column":2}},"2":{"start":{"line":5,"column":2},"end":{"line":19,"column":3}},"3":{"start":{"line":6,"column":20},"end":{"line":11,"column":6}},"4":{"start":{"line":13,"column":4},"end":{"line":16,"column":7}},"5":{"start":{"line":18,"column":4},"end":{"line":18,"column":49}},"6":{"start":{"line":23,"column":0},"end":{"line":70,"column":2}},"7":{"start":{"line":24,"column":2},"end":{"line":69,"column":3}},"8":{"start":{"line":25,"column":20},"end":{"line":25,"column":57}},"9":{"start":{"line":27,"column":4},"end":{"line":29,"column":5}},"10":{"start":{"line":28,"column":6},"end":{"line":28,"column":68}},"11":{"start":{"line":30,"column":4},"end":{"line":34,"column":5}},"12":{"start":{"line":31,"column":6},"end":{"line":33,"column":9}},"13":{"start":{"line":37,"column":4},"end":{"line":37,"column":30}},"14":{"start":{"line":39,"column":4},"end":{"line":48,"column":5}},"15":{"start":{"line":40,"column":22},"end":{"line":42,"column":7}},"16":{"start":{"line":41,"column":8},"end":{"line":41,"column":43}},"17":{"start":{"line":44,"column":6},"end":{"line":47,"column":8}},"18":{"start":{"line":50,"column":4},"end":{"line":50,"column":25}},"19":{"start":{"line":53,"column":15},"end":{"line":53,"column":32}},"20":{"start":{"line":54,"column":4},"end":{"line":60,"column":5}},"21":{"start":{"line":55,"column":6},"end":{"line":59,"column":9}},"22":{"start":{"line":62,"column":4},"end":{"line":66,"column":7}},"23":{"start":{"line":68,"column":4},"end":{"line":68,"column":49}},"24":{"start":{"line":73,"column":0},"end":{"line":112,"column":2}},"25":{"start":{"line":74,"column":2},"end":{"line":111,"column":3}},"26":{"start":{"line":75,"column":61},"end":{"line":75,"column":70}},"27":{"start":{"line":77,"column":18},"end":{"line":77,"column":20}},"28":{"start":{"line":80,"column":4},"end":{"line":84,"column":5}},"29":{"start":{"line":81,"column":6},"end":{"line":81,"column":28}},"30":{"start":{"line":82,"column":11},"end":{"line":84,"column":5}},"31":{"start":{"line":83,"column":6},"end":{"line":83,"column":28}},"32":{"start":{"line":87,"column":4},"end":{"line":89,"column":5}},"33":{"start":{"line":88,"column":6},"end":{"line":88,"column":53}},"34":{"start":{"line":92,"column":4},"end":{"line":94,"column":5}},"35":{"start":{"line":93,"column":6},"end":{"line":93,"column":55}},"36":{"start":{"line":97,"column":4},"end":{"line":101,"column":5}},"37":{"start":{"line":98,"column":6},"end":{"line":98,"column":27}},"38":{"start":{"line":99,"column":6},"end":{"line":99,"column":60}},"39":{"start":{"line":99,"column":20},"end":{"line":99,"column":60}},"40":{"start":{"line":100,"column":6},"end":{"line":100,"column":60}},"41":{"start":{"line":100,"column":20},"end":{"line":100,"column":60}},"42":{"start":{"line":103,"column":21},"end":{"line":107,"column":30}},"43":{"start":{"line":108,"column":4},"end":{"line":108,"column":23}},"44":{"start":{"line":110,"column":4},"end":{"line":110,"column":49}},"45":{"start":{"line":115,"column":0},"end":{"line":125,"column":2}},"46":{"start":{"line":116,"column":2},"end":{"line":124,"column":3}},"47":{"start":{"line":117,"column":23},"end":{"line":120,"column":30}},"48":{"start":{"line":121,"column":4},"end":{"line":121,"column":25}},"49":{"start":{"line":123,"column":4},"end":{"line":123,"column":49}}},"fnMap":{"0":{"name":"(anonymous_0)","decl":{"start":{"line":4,"column":24},"end":{"line":4,"column":25}},"loc":{"start":{"line":4,"column":44},"end":{"line":20,"column":1}},"line":4},"1":{"name":"(anonymous_1)","decl":{"start":{"line":23,"column":23},"end":{"line":23,"column":24}},"loc":{"start":{"line":23,"column":43},"end":{"line":70,"column":1}},"line":23},"2":{"name":"(anonymous_2)","decl":{"start":{"line":40,"column":42},"end":{"line":40,"column":43}},"loc":{"start":{"line":41,"column":8},"end":{"line":41,"column":43}},"line":41},"3":{"name":"(anonymous_3)","decl":{"start":{"line":73,"column":22},"end":{"line":73,"column":23}},"loc":{"start":{"line":73,"column":42},"end":{"line":112,"column":1}},"line":73},"4":{"name":"(anonymous_4)","decl":{"start":{"line":115,"column":20},"end":{"line":115,"column":21}},"loc":{"start":{"line":115,"column":40},"end":{"line":125,"column":1}},"line":115}},"branchMap":{"0":{"loc":{"start":{"line":27,"column":4},"end":{"line":29,"column":5}},"type":"if","locations":[{"start":{"line":27,"column":4},"end":{"line":29,"column":5}},{"start":{},"end":{}}],"line":27},"1":{"loc":{"start":{"line":30,"column":4},"end":{"line":34,"column":5}},"type":"if","locations":[{"start":{"line":30,"column":4},"end":{"line":34,"column":5}},{"start":{},"end":{}}],"line":30},"2":{"loc":{"start":{"line":39,"column":4},"end":{"line":48,"column":5}},"type":"if","locations":[{"start":{"line":39,"column":4},"end":{"line":48,"column":5}},{"start":{},"end":{}}],"line":39},"3":{"loc":{"start":{"line":41,"column":8},"end":{"line":41,"column":43}},"type":"cond-expr","locations":[{"start":{"line":41,"column":34},"end":{"line":41,"column":37}},{"start":{"line":41,"column":40},"end":{"line":41,"column":43}}],"line":41},"4":{"loc":{"start":{"line":54,"column":4},"end":{"line":60,"column":5}},"type":"if","locations":[{"start":{"line":54,"column":4},"end":{"line":60,"column":5}},{"start":{},"end":{}}],"line":54},"5":{"loc":{"start":{"line":57,"column":20},"end":{"line":57,"column":46}},"type":"binary-expr","locations":[{"start":{"line":57,"column":20},"end":{"line":57,"column":38}},{"start":{"line":57,"column":42},"end":{"line":57,"column":46}}],"line":57},"6":{"loc":{"start":{"line":80,"column":4},"end":{"line":84,"column":5}},"type":"if","locations":[{"start":{"line":80,"column":4},"end":{"line":84,"column":5}},{"start":{"line":82,"column":11},"end":{"line":84,"column":5}}],"line":80},"7":{"loc":{"start":{"line":80,"column":8},"end":{"line":80,"column":36}},"type":"binary-expr","locations":[{"start":{"line":80,"column":8},"end":{"line":80,"column":15}},{"start":{"line":80,"column":19},"end":{"line":80,"column":36}}],"line":80},"8":{"loc":{"start":{"line":82,"column":11},"end":{"line":84,"column":5}},"type":"if","locations":[{"start":{"line":82,"column":11},"end":{"line":84,"column":5}},{"start":{},"end":{}}],"line":82},"9":{"loc":{"start":{"line":87,"column":4},"end":{"line":89,"column":5}},"type":"if","locations":[{"start":{"line":87,"column":4},"end":{"line":89,"column":5}},{"start":{},"end":{}}],"line":87},"10":{"loc":{"start":{"line":92,"column":4},"end":{"line":94,"column":5}},"type":"if","locations":[{"start":{"line":92,"column":4},"end":{"line":94,"column":5}},{"start":{},"end":{}}],"line":92},"11":{"loc":{"start":{"line":97,"column":4},"end":{"line":101,"column":5}},"type":"if","locations":[{"start":{"line":97,"column":4},"end":{"line":101,"column":5}},{"start":{},"end":{}}],"line":97},"12":{"loc":{"start":{"line":97,"column":8},"end":{"line":97,"column":28}},"type":"binary-expr","locations":[{"start":{"line":97,"column":8},"end":{"line":97,"column":16}},{"start":{"line":97,"column":20},"end":{"line":97,"column":28}}],"line":97},"13":{"loc":{"start":{"line":99,"column":6},"end":{"line":99,"column":60}},"type":"if","locations":[{"start":{"line":99,"column":6},"end":{"line":99,"column":60}},{"start":{},"end":{}}],"line":99},"14":{"loc":{"start":{"line":100,"column":6},"end":{"line":100,"column":60}},"type":"if","locations":[{"start":{"line":100,"column":6},"end":{"line":100,"column":60}},{"start":{},"end":{}}],"line":100}},"s":{"0":10,"1":10,"2":4,"3":4,"4":4,"5":0,"6":10,"7":2,"8":2,"9":2,"10":0,"11":2,"12":1,"13":1,"14":1,"15":1,"16":0,"17":1,"18":1,"19":1,"20":1,"21":0,"22":1,"23":0,"24":10,"25":3,"26":3,"27":3,"28":3,"29":3,"30":0,"31":0,"32":3,"33":1,"34":3,"35":0,"36":3,"37":1,"38":1,"39":1,"40":1,"41":0,"42":3,"43":3,"44":0,"45":10,"46":1,"47":1,"48":1,"49":0},"f":{"0":4,"1":2,"2":0,"3":3,"4":1},"b":{"0":[0,2],"1":[1,1],"2":[1,0],"3":[0,0],"4":[0,1],"5":[0,0],"6":[3,0],"7":[3,0],"8":[0,0],"9":[1,2],"10":[0,3],"11":[1,2],"12":[3,2],"13":[1,0],"14":[0,1]},"_coverageSchema":"1a1c01bbd47fc00a2c39e90264f33305004495a9","hash":"d15ac71e3b523f265663057bd68bdca335019780"}
,"/Users/prabhas/Downloads/farmer-marketplace-backend/src/controllers/authController.js": {"path":"/Users/prabhas/Downloads/farmer-marketplace-backend/src/controllers/authController.js","statementMap":{"0":{"start":{"line":1,"column":13},"end":{"line":1,"column":38}},"1":{"start":{"line":2,"column":29},"end":{"line":2,"column":64}},"2":{"start":{"line":3,"column":12},"end":{"line":3,"column":35}},"3":{"start":{"line":9,"column":0},"end":{"line":26,"column":2}},"4":{"start":{"line":10,"column":2},"end":{"line":25,"column":3}},"5":{"start":{"line":11,"column":17},"end":{"line":11,"column":44}},"6":{"start":{"line":12,"column":4},"end":{"line":22,"column":7}},"7":{"start":{"line":24,"column":4},"end":{"line":24,"column":83}},"8":{"start":{"line":32,"column":0},"end":{"line":58,"column":2}},"9":{"start":{"line":33,"column":2},"end":{"line":57,"column":3}},"10":{"start":{"line":34,"column":22},"end":{"line":34,"column":30}},"11":{"start":{"line":36,"column":15},"end":{"line":36,"column":44}},"12":{"start":{"line":37,"column":4},"end":{"line":40,"column":5}},"13":{"start":{"line":39,"column":6},"end":{"line":39,"column":42}},"14":{"start":{"line":43,"column":16},"end":{"line":43,"column":70}},"15":{"start":{"line":45,"column":4},"end":{"line":45,"column":19}},"16":{"start":{"line":46,"column":4},"end":{"line":46,"column":29}},"17":{"start":{"line":47,"column":4},"end":{"line":47,"column":22}},"18":{"start":{"line":50,"column":4},"end":{"line":54,"column":7}},"19":{"start":{"line":56,"column":4},"end":{"line":56,"column":49}},"20":{"start":{"line":63,"column":0},"end":{"line":90,"column":2}},"21":{"start":{"line":64,"column":2},"end":{"line":89,"column":3}},"22":{"start":{"line":65,"column":27},"end":{"line":65,"column":35}},"23":{"start":{"line":67,"column":17},"end":{"line":67,"column":46}},"24":{"start":{"line":68,"column":4},"end":{"line":70,"column":5}},"25":{"start":{"line":69,"column":6},"end":{"line":69,"column":62}},"26":{"start":{"line":72,"column":4},"end":{"line":72,"column":28}},"27":{"start":{"line":73,"column":4},"end":{"line":73,"column":20}},"28":{"start":{"line":75,"column":4},"end":{"line":75,"column":22}},"29":{"start":{"line":77,"column":4},"end":{"line":85,"column":7}},"30":{"start":{"line":88,"column":4},"end":{"line":88,"column":49}},"31":{"start":{"line":95,"column":0},"end":{"line":146,"column":2}},"32":{"start":{"line":96,"column":2},"end":{"line":145,"column":3}},"33":{"start":{"line":97,"column":39},"end":{"line":97,"column":47}},"34":{"start":{"line":99,"column":4},"end":{"line":101,"column":5}},"35":{"start":{"line":100,"column":6},"end":{"line":100,"column":109}},"36":{"start":{"line":104,"column":4},"end":{"line":106,"column":5}},"37":{"start":{"line":105,"column":6},"end":{"line":105,"column":95}},"38":{"start":{"line":108,"column":17},"end":{"line":108,"column":46}},"39":{"start":{"line":109,"column":4},"end":{"line":111,"column":5}},"40":{"start":{"line":110,"column":6},"end":{"line":110,"column":81}},"41":{"start":{"line":113,"column":4},"end":{"line":115,"column":5}},"42":{"start":{"line":114,"column":6},"end":{"line":114,"column":91}},"43":{"start":{"line":117,"column":4},"end":{"line":117,"column":21}},"44":{"start":{"line":118,"column":4},"end":{"line":118,"column":21}},"45":{"start":{"line":119,"column":4},"end":{"line":119,"column":24}},"46":{"start":{"line":120,"column":4},"end":{"line":120,"column":45}},"47":{"start":{"line":122,"column":4},"end":{"line":122,"column":22}},"48":{"start":{"line":125,"column":18},"end":{"line":129,"column":5}},"49":{"start":{"line":131,"column":4},"end":{"line":141,"column":7}},"50":{"start":{"line":144,"column":4},"end":{"line":144,"column":49}},"51":{"start":{"line":151,"column":0},"end":{"line":201,"column":2}},"52":{"start":{"line":152,"column":2},"end":{"line":200,"column":3}},"53":{"start":{"line":153,"column":27},"end":{"line":153,"column":35}},"54":{"start":{"line":156,"column":4},"end":{"line":158,"column":5}},"55":{"start":{"line":157,"column":6},"end":{"line":157,"column":95}},"56":{"start":{"line":161,"column":17},"end":{"line":161,"column":66}},"57":{"start":{"line":163,"column":4},"end":{"line":165,"column":5}},"58":{"start":{"line":164,"column":6},"end":{"line":164,"column":86}},"59":{"start":{"line":168,"column":4},"end":{"line":170,"column":5}},"60":{"start":{"line":169,"column":6},"end":{"line":169,"column":129}},"61":{"start":{"line":173,"column":20},"end":{"line":173,"column":49}},"62":{"start":{"line":175,"column":4},"end":{"line":177,"column":5}},"63":{"start":{"line":176,"column":6},"end":{"line":176,"column":86}},"64":{"start":{"line":180,"column":18},"end":{"line":184,"column":5}},"65":{"start":{"line":186,"column":4},"end":{"line":197,"column":7}},"66":{"start":{"line":199,"column":4},"end":{"line":199,"column":49}}},"fnMap":{"0":{"name":"(anonymous_0)","decl":{"start":{"line":9,"column":23},"end":{"line":9,"column":24}},"loc":{"start":{"line":9,"column":43},"end":{"line":26,"column":1}},"line":9},"1":{"name":"(anonymous_1)","decl":{"start":{"line":32,"column":18},"end":{"line":32,"column":19}},"loc":{"start":{"line":32,"column":38},"end":{"line":58,"column":1}},"line":32},"2":{"name":"(anonymous_2)","decl":{"start":{"line":63,"column":20},"end":{"line":63,"column":21}},"loc":{"start":{"line":63,"column":40},"end":{"line":90,"column":1}},"line":63},"3":{"name":"(anonymous_3)","decl":{"start":{"line":95,"column":25},"end":{"line":95,"column":26}},"loc":{"start":{"line":95,"column":45},"end":{"line":146,"column":1}},"line":95},"4":{"name":"(anonymous_4)","decl":{"start":{"line":151,"column":20},"end":{"line":151,"column":21}},"loc":{"start":{"line":151,"column":40},"end":{"line":201,"column":1}},"line":151}},"branchMap":{"0":{"loc":{"start":{"line":37,"column":4},"end":{"line":40,"column":5}},"type":"if","locations":[{"start":{"line":37,"column":4},"end":{"line":40,"column":5}},{"start":{},"end":{}}],"line":37},"1":{"loc":{"start":{"line":68,"column":4},"end":{"line":70,"column":5}},"type":"if","locations":[{"start":{"line":68,"column":4},"end":{"line":70,"column":5}},{"start":{},"end":{}}],"line":68},"2":{"loc":{"start":{"line":68,"column":8},"end":{"line":68,"column":33}},"type":"binary-expr","locations":[{"start":{"line":68,"column":8},"end":{"line":68,"column":13}},{"start":{"line":68,"column":17},"end":{"line":68,"column":33}}],"line":68},"3":{"loc":{"start":{"line":99,"column":4},"end":{"line":101,"column":5}},"type":"if","locations":[{"start":{"line":99,"column":4},"end":{"line":101,"column":5}},{"start":{},"end":{}}],"line":99},"4":{"loc":{"start":{"line":99,"column":8},"end":{"line":99,"column":40}},"type":"binary-expr","locations":[{"start":{"line":99,"column":8},"end":{"line":99,"column":14}},{"start":{"line":99,"column":18},"end":{"line":99,"column":22}},{"start":{"line":99,"column":26},"end":{"line":99,"column":31}},{"start":{"line":99,"column":35},"end":{"line":99,"column":40}}],"line":99},"5":{"loc":{"start":{"line":104,"column":4},"end":{"line":106,"column":5}},"type":"if","locations":[{"start":{"line":104,"column":4},"end":{"line":106,"column":5}},{"start":{},"end":{}}],"line":104},"6":{"loc":{"start":{"line":109,"column":4},"end":{"line":111,"column":5}},"type":"if","locations":[{"start":{"line":109,"column":4},"end":{"line":111,"column":5}},{"start":{},"end":{}}],"line":109},"7":{"loc":{"start":{"line":113,"column":4},"end":{"line":115,"column":5}},"type":"if","locations":[{"start":{"line":113,"column":4},"end":{"line":115,"column":5}},{"start":{},"end":{}}],"line":113},"8":{"loc":{"start":{"line":156,"column":4},"end":{"line":158,"column":5}},"type":"if","locations":[{"start":{"line":156,"column":4},"end":{"line":158,"column":5}},{"start":{},"end":{}}],"line":156},"9":{"loc":{"start":{"line":156,"column":8},"end":{"line":156,"column":22}},"type":"binary-expr","locations":[{"start":{"line":156,"column":8},"end":{"line":156,"column":14}},{"start":{"line":156,"column":18},"end":{"line":156,"column":22}}],"line":156},"10":{"loc":{"start":{"line":163,"column":4},"end":{"line":165,"column":5}},"type":"if","locations":[{"start":{"line":163,"column":4},"end":{"line":165,"column":5}},{"start":{},"end":{}}],"line":163},"11":{"loc":{"start":{"line":168,"column":4},"end":{"line":170,"column":5}},"type":"if","locations":[{"start":{"line":168,"column":4},"end":{"line":170,"column":5}},{"start":{},"end":{}}],"line":168},"12":{"loc":{"start":{"line":175,"column":4},"end":{"line":177,"column":5}},"type":"if","locations":[{"start":{"line":175,"column":4},"end":{"line":177,"column":5}},{"start":{},"end":{}}],"line":175}},"s":{"0":10,"1":10,"2":10,"3":10,"4":0,"5":0,"6":0,"7":0,"8":10,"9":13,"10":13,"11":13,"12":13,"13":13,"14":12,"15":12,"16":12,"17":12,"18":12,"19":0,"20":10,"21":12,"22":12,"23":12,"24":12,"25":0,"26":12,"27":12,"28":12,"29":12,"30":0,"31":10,"32":12,"33":12,"34":12,"35":0,"36":12,"37":0,"38":12,"39":12,"40":0,"41":12,"42":0,"43":12,"44":12,"45":12,"46":12,"47":12,"48":12,"49":12,"50":0,"51":10,"52":2,"53":2,"54":2,"55":0,"56":2,"57":2,"58":0,"59":2,"60":0,"61":2,"62":2,"63":1,"64":1,"65":1,"66":0},"f":{"0":0,"1":13,"2":12,"3":12,"4":2},"b":{"0":[13,0],"1":[0,12],"2":[12,12],"3":[0,12],"4":[12,12,12,12],"5":[0,12],"6":[0,12],"7":[0,12],"8":[0,2],"9":[2,2],"10":[0,2],"11":[0,2],"12":[1,1]},"_coverageSchema":"1a1c01bbd47fc00a2c39e90264f33305004495a9","hash":"f10d0b824c36e9ff3d0bab052de4509e94a76758"}
,"/Users/prabhas/Downloads/farmer-marketplace-backend/src/controllers/chatController.js": {"path":"/Users/prabhas/Downloads/farmer-marketplace-backend/src/controllers/chatController.js","statementMap":{"0":{"start":{"line":1,"column":13},"end":{"line":1,"column":38}},"1":{"start":{"line":2,"column":13},"end":{"line":2,"column":38}},"2":{"start":{"line":5,"column":0},"end":{"line":39,"column":2}},"3":{"start":{"line":6,"column":4},"end":{"line":38,"column":5}},"4":{"start":{"line":7,"column":40},"end":{"line":7,"column":48}},"5":{"start":{"line":8,"column":25},"end":{"line":8,"column":37}},"6":{"start":{"line":10,"column":8},"end":{"line":12,"column":9}},"7":{"start":{"line":11,"column":12},"end":{"line":11,"column":78}},"8":{"start":{"line":15,"column":20},"end":{"line":17,"column":9}},"9":{"start":{"line":19,"column":8},"end":{"line":21,"column":9}},"10":{"start":{"line":20,"column":12},"end":{"line":20,"column":34}},"11":{"start":{"line":23,"column":19},"end":{"line":23,"column":88}},"12":{"start":{"line":25,"column":8},"end":{"line":32,"column":9}},"13":{"start":{"line":26,"column":12},"end":{"line":30,"column":15}},"14":{"start":{"line":31,"column":12},"end":{"line":31,"column":74}},"15":{"start":{"line":34,"column":8},"end":{"line":34,"column":42}},"16":{"start":{"line":37,"column":8},"end":{"line":37,"column":53}},"17":{"start":{"line":42,"column":0},"end":{"line":64,"column":2}},"18":{"start":{"line":43,"column":4},"end":{"line":63,"column":5}},"19":{"start":{"line":44,"column":27},"end":{"line":44,"column":37}},"20":{"start":{"line":46,"column":21},"end":{"line":48,"column":51}},"21":{"start":{"line":50,"column":8},"end":{"line":52,"column":9}},"22":{"start":{"line":51,"column":12},"end":{"line":51,"column":71}},"23":{"start":{"line":55,"column":30},"end":{"line":55,"column":103}},"24":{"start":{"line":55,"column":58},"end":{"line":55,"column":102}},"25":{"start":{"line":56,"column":8},"end":{"line":58,"column":9}},"26":{"start":{"line":57,"column":12},"end":{"line":57,"column":89}},"27":{"start":{"line":60,"column":8},"end":{"line":60,"column":42}},"28":{"start":{"line":62,"column":8},"end":{"line":62,"column":53}},"29":{"start":{"line":67,"column":0},"end":{"line":85,"column":2}},"30":{"start":{"line":70,"column":4},"end":{"line":84,"column":5}},"31":{"start":{"line":71,"column":8},"end":{"line":80,"column":9}},"32":{"start":{"line":76,"column":12},"end":{"line":79,"column":15}},"33":{"start":{"line":81,"column":8},"end":{"line":81,"column":65}},"34":{"start":{"line":83,"column":8},"end":{"line":83,"column":53}}},"fnMap":{"0":{"name":"(anonymous_0)","decl":{"start":{"line":5,"column":26},"end":{"line":5,"column":27}},"loc":{"start":{"line":5,"column":46},"end":{"line":39,"column":1}},"line":5},"1":{"name":"(anonymous_1)","decl":{"start":{"line":42,"column":26},"end":{"line":42,"column":27}},"loc":{"start":{"line":42,"column":46},"end":{"line":64,"column":1}},"line":42},"2":{"name":"(anonymous_2)","decl":{"start":{"line":55,"column":53},"end":{"line":55,"column":54}},"loc":{"start":{"line":55,"column":58},"end":{"line":55,"column":102}},"line":55},"3":{"name":"(anonymous_3)","decl":{"start":{"line":67,"column":22},"end":{"line":67,"column":23}},"loc":{"start":{"line":67,"column":42},"end":{"line":85,"column":1}},"line":67}},"branchMap":{"0":{"loc":{"start":{"line":10,"column":8},"end":{"line":12,"column":9}},"type":"if","locations":[{"start":{"line":10,"column":8},"end":{"line":12,"column":9}},{"start":{},"end":{}}],"line":10},"1":{"loc":{"start":{"line":19,"column":8},"end":{"line":21,"column":9}},"type":"if","locations":[{"start":{"line":19,"column":8},"end":{"line":21,"column":9}},{"start":{},"end":{}}],"line":19},"2":{"loc":{"start":{"line":25,"column":8},"end":{"line":32,"column":9}},"type":"if","locations":[{"start":{"line":25,"column":8},"end":{"line":32,"column":9}},{"start":{},"end":{}}],"line":25},"3":{"loc":{"start":{"line":28,"column":24},"end":{"line":28,"column":38}},"type":"binary-expr","locations":[{"start":{"line":28,"column":24},"end":{"line":28,"column":30}},{"start":{"line":28,"column":34},"end":{"line":28,"column":38}}],"line":28},"4":{"loc":{"start":{"line":50,"column":8},"end":{"line":52,"column":9}},"type":"if","locations":[{"start":{"line":50,"column":8},"end":{"line":52,"column":9}},{"start":{},"end":{}}],"line":50},"5":{"loc":{"start":{"line":56,"column":8},"end":{"line":58,"column":9}},"type":"if","locations":[{"start":{"line":56,"column":8},"end":{"line":58,"column":9}},{"start":{},"end":{}}],"line":56},"6":{"loc":{"start":{"line":71,"column":8},"end":{"line":80,"column":9}},"type":"if","locations":[{"start":{"line":71,"column":8},"end":{"line":80,"column":9}},{"start":{},"end":{}}],"line":71}},"s":{"0":10,"1":10,"2":10,"3":0,"4":0,"5":0,"6":0,"7":0,"8":0,"9":0,"10":0,"11":0,"12":0,"13":0,"14":0,"15":0,"16":0,"17":10,"18":0,"19":0,"20":0,"21":0,"22":0,"23":0,"24":0,"25":0,"26":0,"27":0,"28":0,"29":10,"30":0,"31":0,"32":0,"33":0,"34":0},"f":{"0":0,"1":0,"2":0,"3":0},"b":{"0":[0,0],"1":[0,0],"2":[0,0],"3":[0,0],"4":[0,0],"5":[0,0],"6":[0,0]},"_coverageSchema":"1a1c01bbd47fc00a2c39e90264f33305004495a9","hash":"0272567024319f85c6d39ee498972e5612d316bb"}
,"/Users/prabhas/Downloads/farmer-marketplace-backend/src/controllers/dealController.js": {"path":"/Users/prabhas/Downloads/farmer-marketplace-backend/src/controllers/dealController.js","statementMap":{"0":{"start":{"line":1,"column":13},"end":{"line":1,"column":38}},"1":{"start":{"line":2,"column":13},"end":{"line":2,"column":38}},"2":{"start":{"line":5,"column":0},"end":{"line":32,"column":2}},"3":{"start":{"line":6,"column":4},"end":{"line":31,"column":5}},"4":{"start":{"line":7,"column":61},"end":{"line":7,"column":69}},"5":{"start":{"line":8,"column":25},"end":{"line":8,"column":37}},"6":{"start":{"line":11,"column":8},"end":{"line":13,"column":9}},"7":{"start":{"line":12,"column":12},"end":{"line":12,"column":80}},"8":{"start":{"line":15,"column":21},"end":{"line":25,"column":10}},"9":{"start":{"line":27,"column":8},"end":{"line":27,"column":54}},"10":{"start":{"line":30,"column":8},"end":{"line":30,"column":53}},"11":{"start":{"line":35,"column":0},"end":{"line":67,"column":2}},"12":{"start":{"line":36,"column":4},"end":{"line":66,"column":5}},"13":{"start":{"line":37,"column":26},"end":{"line":37,"column":34}},"14":{"start":{"line":38,"column":23},"end":{"line":38,"column":36}},"15":{"start":{"line":40,"column":21},"end":{"line":40,"column":48}},"16":{"start":{"line":41,"column":8},"end":{"line":41,"column":78}},"17":{"start":{"line":41,"column":19},"end":{"line":41,"column":78}},"18":{"start":{"line":44,"column":8},"end":{"line":46,"column":9}},"19":{"start":{"line":45,"column":12},"end":{"line":45,"column":94}},"20":{"start":{"line":49,"column":8},"end":{"line":49,"column":34}},"21":{"start":{"line":50,"column":8},"end":{"line":50,"column":40}},"22":{"start":{"line":51,"column":8},"end":{"line":51,"column":32}},"23":{"start":{"line":52,"column":8},"end":{"line":52,"column":67}},"24":{"start":{"line":55,"column":8},"end":{"line":58,"column":11}},"25":{"start":{"line":60,"column":8},"end":{"line":60,"column":26}},"26":{"start":{"line":62,"column":8},"end":{"line":62,"column":65}},"27":{"start":{"line":65,"column":8},"end":{"line":65,"column":53}},"28":{"start":{"line":70,"column":0},"end":{"line":101,"column":2}},"29":{"start":{"line":71,"column":4},"end":{"line":100,"column":5}},"30":{"start":{"line":72,"column":21},"end":{"line":72,"column":55}},"31":{"start":{"line":73,"column":8},"end":{"line":73,"column":78}},"32":{"start":{"line":73,"column":19},"end":{"line":73,"column":78}},"33":{"start":{"line":75,"column":8},"end":{"line":77,"column":9}},"34":{"start":{"line":76,"column":12},"end":{"line":76,"column":85}},"35":{"start":{"line":80,"column":8},"end":{"line":84,"column":9}},"36":{"start":{"line":81,"column":12},"end":{"line":81,"column":36}},"37":{"start":{"line":82,"column":12},"end":{"line":82,"column":30}},"38":{"start":{"line":83,"column":12},"end":{"line":83,"column":73}},"39":{"start":{"line":89,"column":8},"end":{"line":91,"column":9}},"40":{"start":{"line":90,"column":12},"end":{"line":90,"column":116}},"41":{"start":{"line":93,"column":8},"end":{"line":93,"column":33}},"42":{"start":{"line":94,"column":8},"end":{"line":94,"column":26}},"43":{"start":{"line":96,"column":8},"end":{"line":96,"column":69}},"44":{"start":{"line":99,"column":8},"end":{"line":99,"column":53}},"45":{"start":{"line":104,"column":0},"end":{"line":121,"column":2}},"46":{"start":{"line":105,"column":4},"end":{"line":120,"column":5}},"47":{"start":{"line":106,"column":21},"end":{"line":106,"column":55}},"48":{"start":{"line":107,"column":8},"end":{"line":107,"column":78}},"49":{"start":{"line":107,"column":19},"end":{"line":107,"column":78}},"50":{"start":{"line":109,"column":8},"end":{"line":111,"column":9}},"51":{"start":{"line":110,"column":12},"end":{"line":110,"column":85}},"52":{"start":{"line":113,"column":8},"end":{"line":113,"column":33}},"53":{"start":{"line":114,"column":8},"end":{"line":114,"column":26}},"54":{"start":{"line":116,"column":8},"end":{"line":116,"column":68}},"55":{"start":{"line":119,"column":8},"end":{"line":119,"column":53}},"56":{"start":{"line":124,"column":0},"end":{"line":142,"column":2}},"57":{"start":{"line":125,"column":4},"end":{"line":141,"column":5}},"58":{"start":{"line":126,"column":21},"end":{"line":128,"column":45}},"59":{"start":{"line":130,"column":8},"end":{"line":130,"column":78}},"60":{"start":{"line":130,"column":19},"end":{"line":130,"column":78}},"61":{"start":{"line":133,"column":8},"end":{"line":136,"column":9}},"62":{"start":{"line":134,"column":12},"end":{"line":134,"column":36}},"63":{"start":{"line":135,"column":12},"end":{"line":135,"column":30}},"64":{"start":{"line":138,"column":8},"end":{"line":138,"column":42}},"65":{"start":{"line":140,"column":8},"end":{"line":140,"column":53}}},"fnMap":{"0":{"name":"(anonymous_0)","decl":{"start":{"line":5,"column":21},"end":{"line":5,"column":22}},"loc":{"start":{"line":5,"column":41},"end":{"line":32,"column":1}},"line":5},"1":{"name":"(anonymous_1)","decl":{"start":{"line":35,"column":20},"end":{"line":35,"column":21}},"loc":{"start":{"line":35,"column":40},"end":{"line":67,"column":1}},"line":35},"2":{"name":"(anonymous_2)","decl":{"start":{"line":70,"column":22},"end":{"line":70,"column":23}},"loc":{"start":{"line":70,"column":42},"end":{"line":101,"column":1}},"line":70},"3":{"name":"(anonymous_3)","decl":{"start":{"line":104,"column":22},"end":{"line":104,"column":23}},"loc":{"start":{"line":104,"column":42},"end":{"line":121,"column":1}},"line":104},"4":{"name":"(anonymous_4)","decl":{"start":{"line":124,"column":18},"end":{"line":124,"column":19}},"loc":{"start":{"line":124,"column":38},"end":{"line":142,"column":1}},"line":124}},"branchMap":{"0":{"loc":{"start":{"line":11,"column":8},"end":{"line":13,"column":9}},"type":"if","locations":[{"start":{"line":11,"column":8},"end":{"line":13,"column":9}},{"start":{},"end":{}}],"line":11},"1":{"loc":{"start":{"line":11,"column":12},"end":{"line":11,"column":62}},"type":"binary-expr","locations":[{"start":{"line":11,"column":12},"end":{"line":11,"column":17}},{"start":{"line":11,"column":21},"end":{"line":11,"column":29}},{"start":{"line":11,"column":33},"end":{"line":11,"column":47}},{"start":{"line":11,"column":51},"end":{"line":11,"column":62}}],"line":11},"2":{"loc":{"start":{"line":41,"column":8},"end":{"line":41,"column":78}},"type":"if","locations":[{"start":{"line":41,"column":8},"end":{"line":41,"column":78}},{"start":{},"end":{}}],"line":41},"3":{"loc":{"start":{"line":44,"column":8},"end":{"line":46,"column":9}},"type":"if","locations":[{"start":{"line":44,"column":8},"end":{"line":46,"column":9}},{"start":{},"end":{}}],"line":44},"4":{"loc":{"start":{"line":73,"column":8},"end":{"line":73,"column":78}},"type":"if","locations":[{"start":{"line":73,"column":8},"end":{"line":73,"column":78}},{"start":{},"end":{}}],"line":73},"5":{"loc":{"start":{"line":75,"column":8},"end":{"line":77,"column":9}},"type":"if","locations":[{"start":{"line":75,"column":8},"end":{"line":77,"column":9}},{"start":{},"end":{}}],"line":75},"6":{"loc":{"start":{"line":80,"column":8},"end":{"line":84,"column":9}},"type":"if","locations":[{"start":{"line":80,"column":8},"end":{"line":84,"column":9}},{"start":{},"end":{}}],"line":80},"7":{"loc":{"start":{"line":89,"column":8},"end":{"line":91,"column":9}},"type":"if","locations":[{"start":{"line":89,"column":8},"end":{"line":91,"column":9}},{"start":{},"end":{}}],"line":89},"8":{"loc":{"start":{"line":107,"column":8},"end":{"line":107,"column":78}},"type":"if","locations":[{"start":{"line":107,"column":8},"end":{"line":107,"column":78}},{"start":{},"end":{}}],"line":107},"9":{"loc":{"start":{"line":109,"column":8},"end":{"line":111,"column":9}},"type":"if","locations":[{"start":{"line":109,"column":8},"end":{"line":111,"column":9}},{"start":{},"end":{}}],"line":109},"10":{"loc":{"start":{"line":130,"column":8},"end":{"line":130,"column":78}},"type":"if","locations":[{"start":{"line":130,"column":8},"end":{"line":130,"column":78}},{"start":{},"end":{}}],"line":130},"11":{"loc":{"start":{"line":133,"column":8},"end":{"line":136,"column":9}},"type":"if","locations":[{"start":{"line":133,"column":8},"end":{"line":136,"column":9}},{"start":{},"end":{}}],"line":133},"12":{"loc":{"start":{"line":133,"column":12},"end":{"line":133,"column":68}},"type":"binary-expr","locations":[{"start":{"line":133,"column":12},"end":{"line":133,"column":37}},{"start":{"line":133,"column":41},"end":{"line":133,"column":68}}],"line":133}},"s":{"0":11,"1":11,"2":11,"3":2,"4":2,"5":2,"6":2,"7":1,"8":1,"9":1,"10":0,"11":11,"12":3,"13":3,"14":3,"15":3,"16":3,"17":1,"18":2,"19":1,"20":1,"21":1,"22":1,"23":1,"24":1,"25":1,"26":1,"27":0,"28":11,"29":2,"30":2,"31":2,"32":0,"33":2,"34":0,"35":2,"36":0,"37":0,"38":0,"39":2,"40":1,"41":1,"42":1,"43":1,"44":0,"45":11,"46":0,"47":0,"48":0,"49":0,"50":0,"51":0,"52":0,"53":0,"54":0,"55":0,"56":11,"57":0,"58":0,"59":0,"60":0,"61":0,"62":0,"63":0,"64":0,"65":0},"f":{"0":2,"1":3,"2":2,"3":0,"4":0},"b":{"0":[1,1],"1":[2,2,1,1],"2":[1,2],"3":[1,1],"4":[0,2],"5":[0,2],"6":[0,2],"7":[1,1],"8":[0,0],"9":[0,0],"10":[0,0],"11":[0,0],"12":[0,0]},"_coverageSchema":"1a1c01bbd47fc00a2c39e90264f33305004495a9","hash":"4e6af75b7c023e2fbd1066b89808a110ac9f0748"}
,"/Users/prabhas/Downloads/farmer-marketplace-backend/src/controllers/inventoryController.js": {"path":"/Users/prabhas/Downloads/farmer-marketplace-backend/src/controllers/inventoryController.js","statementMap":{"0":{"start":{"line":1,"column":18},"end":{"line":1,"column":48}},"1":{"start":{"line":2,"column":13},"end":{"line":2,"column":38}},"2":{"start":{"line":5,"column":0},"end":{"line":40,"column":2}},"3":{"start":{"line":6,"column":4},"end":{"line":39,"column":5}},"4":{"start":{"line":7,"column":77},"end":{"line":7,"column":85}},"5":{"start":{"line":10,"column":8},"end":{"line":12,"column":9}},"6":{"start":{"line":11,"column":12},"end":{"line":11,"column":82}},"7":{"start":{"line":14,"column":28},"end":{"line":19,"column":9}},"8":{"start":{"line":21,"column":8},"end":{"line":21,"column":63}},"9":{"start":{"line":21,"column":25},"end":{"line":21,"column":63}},"10":{"start":{"line":22,"column":8},"end":{"line":22,"column":48}},"11":{"start":{"line":22,"column":20},"end":{"line":22,"column":48}},"12":{"start":{"line":25,"column":8},"end":{"line":30,"column":9}},"13":{"start":{"line":26,"column":12},"end":{"line":26,"column":44}},"14":{"start":{"line":28,"column":27},"end":{"line":28,"column":59}},"15":{"start":{"line":29,"column":12},"end":{"line":29,"column":57}},"16":{"start":{"line":32,"column":24},"end":{"line":32,"column":50}},"17":{"start":{"line":33,"column":8},"end":{"line":33,"column":29}},"18":{"start":{"line":35,"column":8},"end":{"line":35,"column":83}},"19":{"start":{"line":37,"column":8},"end":{"line":37,"column":29}},"20":{"start":{"line":38,"column":8},"end":{"line":38,"column":73}},"21":{"start":{"line":43,"column":0},"end":{"line":78,"column":2}},"22":{"start":{"line":44,"column":4},"end":{"line":77,"column":5}},"23":{"start":{"line":45,"column":27},"end":{"line":45,"column":36}},"24":{"start":{"line":46,"column":22},"end":{"line":46,"column":47}},"25":{"start":{"line":49,"column":8},"end":{"line":51,"column":9}},"26":{"start":{"line":50,"column":12},"end":{"line":50,"column":48}},"27":{"start":{"line":53,"column":26},"end":{"line":53,"column":77}},"28":{"start":{"line":56,"column":20},"end":{"line":56,"column":30}},"29":{"start":{"line":57,"column":35},"end":{"line":71,"column":10}},"30":{"start":{"line":58,"column":28},"end":{"line":58,"column":43}},"31":{"start":{"line":59,"column":12},"end":{"line":69,"column":13}},"32":{"start":{"line":61,"column":35},"end":{"line":61,"column":61}},"33":{"start":{"line":65,"column":36},"end":{"line":65,"column":56}},"34":{"start":{"line":66,"column":16},"end":{"line":66,"column":63}},"35":{"start":{"line":68,"column":16},"end":{"line":68,"column":56}},"36":{"start":{"line":70,"column":12},"end":{"line":70,"column":27}},"37":{"start":{"line":73,"column":8},"end":{"line":73,"column":49}},"38":{"start":{"line":75,"column":8},"end":{"line":75,"column":29}},"39":{"start":{"line":76,"column":8},"end":{"line":76,"column":75}},"40":{"start":{"line":81,"column":0},"end":{"line":104,"column":2}},"41":{"start":{"line":82,"column":4},"end":{"line":103,"column":5}},"42":{"start":{"line":83,"column":23},"end":{"line":83,"column":33}},"43":{"start":{"line":84,"column":24},"end":{"line":84,"column":32}},"44":{"start":{"line":86,"column":24},"end":{"line":86,"column":83}},"45":{"start":{"line":87,"column":8},"end":{"line":89,"column":9}},"46":{"start":{"line":88,"column":12},"end":{"line":88,"column":88}},"47":{"start":{"line":92,"column":8},"end":{"line":92,"column":80}},"48":{"start":{"line":92,"column":44},"end":{"line":92,"column":80}},"49":{"start":{"line":93,"column":8},"end":{"line":93,"column":71}},"50":{"start":{"line":93,"column":41},"end":{"line":93,"column":71}},"51":{"start":{"line":94,"column":8},"end":{"line":94,"column":74}},"52":{"start":{"line":94,"column":42},"end":{"line":94,"column":74}},"53":{"start":{"line":95,"column":8},"end":{"line":95,"column":89}},"54":{"start":{"line":95,"column":47},"end":{"line":95,"column":89}},"55":{"start":{"line":96,"column":8},"end":{"line":96,"column":80}},"56":{"start":{"line":96,"column":44},"end":{"line":96,"column":80}},"57":{"start":{"line":98,"column":8},"end":{"line":98,"column":29}},"58":{"start":{"line":99,"column":8},"end":{"line":99,"column":70}},"59":{"start":{"line":101,"column":8},"end":{"line":101,"column":29}},"60":{"start":{"line":102,"column":8},"end":{"line":102,"column":73}},"61":{"start":{"line":107,"column":0},"end":{"line":126,"column":2}},"62":{"start":{"line":108,"column":4},"end":{"line":125,"column":5}},"63":{"start":{"line":109,"column":23},"end":{"line":109,"column":33}},"64":{"start":{"line":111,"column":24},"end":{"line":115,"column":9}},"65":{"start":{"line":117,"column":8},"end":{"line":119,"column":9}},"66":{"start":{"line":118,"column":12},"end":{"line":118,"column":88}},"67":{"start":{"line":121,"column":8},"end":{"line":121,"column":74}},"68":{"start":{"line":123,"column":8},"end":{"line":123,"column":29}},"69":{"start":{"line":124,"column":8},"end":{"line":124,"column":77}},"70":{"start":{"line":129,"column":0},"end":{"line":156,"column":2}},"71":{"start":{"line":130,"column":4},"end":{"line":155,"column":5}},"72":{"start":{"line":132,"column":25},"end":{"line":136,"column":10}},"73":{"start":{"line":138,"column":20},"end":{"line":138,"column":30}},"74":{"start":{"line":139,"column":25},"end":{"line":144,"column":10}},"75":{"start":{"line":140,"column":26},"end":{"line":140,"column":52}},"76":{"start":{"line":141,"column":32},"end":{"line":141,"column":47}},"77":{"start":{"line":142,"column":12},"end":{"line":142,"column":59}},"78":{"start":{"line":143,"column":12},"end":{"line":143,"column":37}},"79":{"start":{"line":146,"column":8},"end":{"line":150,"column":11}},"80":{"start":{"line":153,"column":8},"end":{"line":153,"column":29}},"81":{"start":{"line":154,"column":8},"end":{"line":154,"column":84}}},"fnMap":{"0":{"name":"(anonymous_0)","decl":{"start":{"line":5,"column":24},"end":{"line":5,"column":25}},"loc":{"start":{"line":5,"column":44},"end":{"line":40,"column":1}},"line":5},"1":{"name":"(anonymous_1)","decl":{"start":{"line":43,"column":23},"end":{"line":43,"column":24}},"loc":{"start":{"line":43,"column":43},"end":{"line":78,"column":1}},"line":43},"2":{"name":"(anonymous_2)","decl":{"start":{"line":57,"column":49},"end":{"line":57,"column":50}},"loc":{"start":{"line":57,"column":57},"end":{"line":71,"column":9}},"line":57},"3":{"name":"(anonymous_3)","decl":{"start":{"line":81,"column":24},"end":{"line":81,"column":25}},"loc":{"start":{"line":81,"column":44},"end":{"line":104,"column":1}},"line":81},"4":{"name":"(anonymous_4)","decl":{"start":{"line":107,"column":28},"end":{"line":107,"column":29}},"loc":{"start":{"line":107,"column":48},"end":{"line":126,"column":1}},"line":107},"5":{"name":"(anonymous_5)","decl":{"start":{"line":129,"column":31},"end":{"line":129,"column":32}},"loc":{"start":{"line":129,"column":51},"end":{"line":156,"column":1}},"line":129},"6":{"name":"(anonymous_6)","decl":{"start":{"line":139,"column":41},"end":{"line":139,"column":42}},"loc":{"start":{"line":139,"column":49},"end":{"line":144,"column":9}},"line":139}},"branchMap":{"0":{"loc":{"start":{"line":10,"column":8},"end":{"line":12,"column":9}},"type":"if","locations":[{"start":{"line":10,"column":8},"end":{"line":12,"column":9}},{"start":{},"end":{}}],"line":10},"1":{"loc":{"start":{"line":21,"column":8},"end":{"line":21,"column":63}},"type":"if","locations":[{"start":{"line":21,"column":8},"end":{"line":21,"column":63}},{"start":{},"end":{}}],"line":21},"2":{"loc":{"start":{"line":22,"column":8},"end":{"line":22,"column":48}},"type":"if","locations":[{"start":{"line":22,"column":8},"end":{"line":22,"column":48}},{"start":{},"end":{}}],"line":22},"3":{"loc":{"start":{"line":25,"column":8},"end":{"line":30,"column":9}},"type":"if","locations":[{"start":{"line":25,"column":8},"end":{"line":30,"column":9}},{"start":{"line":27,"column":15},"end":{"line":30,"column":9}}],"line":25},"4":{"loc":{"start":{"line":29,"column":35},"end":{"line":29,"column":56}},"type":"binary-expr","locations":[{"start":{"line":29,"column":35},"end":{"line":29,"column":50}},{"start":{"line":29,"column":54},"end":{"line":29,"column":56}}],"line":29},"5":{"loc":{"start":{"line":49,"column":8},"end":{"line":51,"column":9}},"type":"if","locations":[{"start":{"line":49,"column":8},"end":{"line":51,"column":9}},{"start":{},"end":{}}],"line":49},"6":{"loc":{"start":{"line":59,"column":12},"end":{"line":69,"column":13}},"type":"if","locations":[{"start":{"line":59,"column":12},"end":{"line":69,"column":13}},{"start":{},"end":{}}],"line":59},"7":{"loc":{"start":{"line":87,"column":8},"end":{"line":89,"column":9}},"type":"if","locations":[{"start":{"line":87,"column":8},"end":{"line":89,"column":9}},{"start":{},"end":{}}],"line":87},"8":{"loc":{"start":{"line":92,"column":8},"end":{"line":92,"column":80}},"type":"if","locations":[{"start":{"line":92,"column":8},"end":{"line":92,"column":80}},{"start":{},"end":{}}],"line":92},"9":{"loc":{"start":{"line":93,"column":8},"end":{"line":93,"column":71}},"type":"if","locations":[{"start":{"line":93,"column":8},"end":{"line":93,"column":71}},{"start":{},"end":{}}],"line":93},"10":{"loc":{"start":{"line":94,"column":8},"end":{"line":94,"column":74}},"type":"if","locations":[{"start":{"line":94,"column":8},"end":{"line":94,"column":74}},{"start":{},"end":{}}],"line":94},"11":{"loc":{"start":{"line":95,"column":8},"end":{"line":95,"column":89}},"type":"if","locations":[{"start":{"line":95,"column":8},"end":{"line":95,"column":89}},{"start":{},"end":{}}],"line":95},"12":{"loc":{"start":{"line":96,"column":8},"end":{"line":96,"column":80}},"type":"if","locations":[{"start":{"line":96,"column":8},"end":{"line":96,"column":80}},{"start":{},"end":{}}],"line":96},"13":{"loc":{"start":{"line":117,"column":8},"end":{"line":119,"column":9}},"type":"if","locations":[{"start":{"line":117,"column":8},"end":{"line":119,"column":9}},{"start":{},"end":{}}],"line":117}},"s":{"0":10,"1":10,"2":10,"3":4,"4":4,"5":4,"6":0,"7":4,"8":4,"9":2,"10":4,"11":3,"12":4,"13":1,"14":3,"15":3,"16":4,"17":4,"18":4,"19":0,"20":0,"21":10,"22":3,"23":3,"24":3,"25":3,"26":1,"27":3,"28":3,"29":3,"30":7,"31":7,"32":4,"33":4,"34":4,"35":4,"36":7,"37":3,"38":0,"39":0,"40":10,"41":1,"42":1,"43":1,"44":1,"45":1,"46":0,"47":1,"48":1,"49":1,"50":0,"51":1,"52":0,"53":1,"54":0,"55":1,"56":0,"57":1,"58":1,"59":0,"60":0,"61":10,"62":1,"63":1,"64":1,"65":1,"66":0,"67":1,"68":0,"69":0,"70":10,"71":0,"72":0,"73":0,"74":0,"75":0,"76":0,"77":0,"78":0,"79":0,"80":0,"81":0},"f":{"0":4,"1":3,"2":7,"3":1,"4":1,"5":0,"6":0},"b":{"0":[0,4],"1":[2,2],"2":[3,1],"3":[1,3],"4":[3,3],"5":[1,2],"6":[4,3],"7":[0,1],"8":[1,0],"9":[0,1],"10":[0,1],"11":[0,1],"12":[0,1],"13":[0,1]},"_coverageSchema":"1a1c01bbd47fc00a2c39e90264f33305004495a9","hash":"c73a4544a146723c894771d0b325f11c03139b28"}
,"/Users/prabhas/Downloads/farmer-marketplace-backend/src/controllers/invoiceController.js": {"path":"/Users/prabhas/Downloads/farmer-marketplace-backend/src/controllers/invoiceController.js","statementMap":{"0":{"start":{"line":1,"column":20},"end":{"line":1,"column":37}},"1":{"start":{"line":2,"column":13},"end":{"line":2,"column":38}},"2":{"start":{"line":3,"column":13},"end":{"line":3,"column":28}},"3":{"start":{"line":4,"column":11},"end":{"line":4,"column":24}},"4":{"start":{"line":6,"column":0},"end":{"line":93,"column":2}},"5":{"start":{"line":7,"column":4},"end":{"line":92,"column":5}},"6":{"start":{"line":8,"column":27},"end":{"line":8,"column":37}},"7":{"start":{"line":9,"column":21},"end":{"line":11,"column":50}},"8":{"start":{"line":13,"column":8},"end":{"line":15,"column":9}},"9":{"start":{"line":14,"column":12},"end":{"line":14,"column":71}},"10":{"start":{"line":17,"column":8},"end":{"line":19,"column":9}},"11":{"start":{"line":18,"column":12},"end":{"line":18,"column":105}},"12":{"start":{"line":21,"column":20},"end":{"line":21,"column":51}},"13":{"start":{"line":24,"column":8},"end":{"line":24,"column":57}},"14":{"start":{"line":25,"column":8},"end":{"line":25,"column":91}},"15":{"start":{"line":27,"column":8},"end":{"line":27,"column":22}},"16":{"start":{"line":30,"column":8},"end":{"line":35,"column":24}},"17":{"start":{"line":38,"column":8},"end":{"line":42,"column":22}},"18":{"start":{"line":45,"column":8},"end":{"line":49,"column":24}},"19":{"start":{"line":52,"column":8},"end":{"line":56,"column":24}},"20":{"start":{"line":58,"column":8},"end":{"line":63,"column":24}},"21":{"start":{"line":66,"column":25},"end":{"line":66,"column":28}},"22":{"start":{"line":67,"column":8},"end":{"line":71,"column":54}},"23":{"start":{"line":73,"column":8},"end":{"line":75,"column":22}},"24":{"start":{"line":78,"column":23},"end":{"line":78,"column":36}},"25":{"start":{"line":79,"column":8},"end":{"line":82,"column":81}},"26":{"start":{"line":85,"column":8},"end":{"line":86,"column":104}},"27":{"start":{"line":88,"column":8},"end":{"line":88,"column":18}},"28":{"start":{"line":91,"column":8},"end":{"line":91,"column":53}}},"fnMap":{"0":{"name":"(anonymous_0)","decl":{"start":{"line":6,"column":26},"end":{"line":6,"column":27}},"loc":{"start":{"line":6,"column":46},"end":{"line":93,"column":1}},"line":6}},"branchMap":{"0":{"loc":{"start":{"line":13,"column":8},"end":{"line":15,"column":9}},"type":"if","locations":[{"start":{"line":13,"column":8},"end":{"line":15,"column":9}},{"start":{},"end":{}}],"line":13},"1":{"loc":{"start":{"line":17,"column":8},"end":{"line":19,"column":9}},"type":"if","locations":[{"start":{"line":17,"column":8},"end":{"line":19,"column":9}},{"start":{},"end":{}}],"line":17}},"s":{"0":10,"1":10,"2":10,"3":10,"4":10,"5":0,"6":0,"7":0,"8":0,"9":0,"10":0,"11":0,"12":0,"13":0,"14":0,"15":0,"16":0,"17":0,"18":0,"19":0,"20":0,"21":0,"22":0,"23":0,"24":0,"25":0,"26":0,"27":0,"28":0},"f":{"0":0},"b":{"0":[0,0],"1":[0,0]},"_coverageSchema":"1a1c01bbd47fc00a2c39e90264f33305004495a9","hash":"e177d65de5405b5ff1efe9cc9e56ba4338e37cdc"}
,"/Users/prabhas/Downloads/farmer-marketplace-backend/src/controllers/mandiController.js": {"path":"/Users/prabhas/Downloads/farmer-marketplace-backend/src/controllers/mandiController.js","statementMap":{"0":{"start":{"line":1,"column":19},"end":{"line":1,"column":50}},"1":{"start":{"line":2,"column":18},"end":{"line":2,"column":48}},"2":{"start":{"line":5,"column":17},"end":{"line":9,"column":1}},"3":{"start":{"line":13,"column":2},"end":{"line":13,"column":38}},"4":{"start":{"line":13,"column":29},"end":{"line":13,"column":38}},"5":{"start":{"line":14,"column":18},"end":{"line":14,"column":62}},"6":{"start":{"line":15,"column":12},"end":{"line":15,"column":27}},"7":{"start":{"line":16,"column":2},"end":{"line":16,"column":39}},"8":{"start":{"line":20,"column":12},"end":{"line":20,"column":44}},"9":{"start":{"line":21,"column":2},"end":{"line":21,"column":46}},"10":{"start":{"line":21,"column":29},"end":{"line":21,"column":46}},"11":{"start":{"line":22,"column":2},"end":{"line":22,"column":14}},"12":{"start":{"line":26,"column":14},"end":{"line":26,"column":32}},"13":{"start":{"line":27,"column":2},"end":{"line":27,"column":32}},"14":{"start":{"line":27,"column":20},"end":{"line":27,"column":32}},"15":{"start":{"line":29,"column":12},"end":{"line":29,"column":31}},"16":{"start":{"line":30,"column":24},"end":{"line":30,"column":27}},"17":{"start":{"line":33,"column":2},"end":{"line":33,"column":46}},"18":{"start":{"line":33,"column":18},"end":{"line":33,"column":46}},"19":{"start":{"line":35,"column":2},"end":{"line":35,"column":77}},"20":{"start":{"line":35,"column":65},"end":{"line":35,"column":77}},"21":{"start":{"line":36,"column":2},"end":{"line":36,"column":25}},"22":{"start":{"line":42,"column":0},"end":{"line":70,"column":2}},"23":{"start":{"line":43,"column":20},"end":{"line":43,"column":90}},"24":{"start":{"line":44,"column":2},"end":{"line":69,"column":3}},"25":{"start":{"line":45,"column":65},"end":{"line":45,"column":73}},"26":{"start":{"line":47,"column":28},"end":{"line":47,"column":61}},"27":{"start":{"line":48,"column":4},"end":{"line":50,"column":5}},"28":{"start":{"line":49,"column":6},"end":{"line":49,"column":96}},"29":{"start":{"line":52,"column":23},"end":{"line":60,"column":6}},"30":{"start":{"line":63,"column":4},"end":{"line":63,"column":27}},"31":{"start":{"line":65,"column":4},"end":{"line":65,"column":73}},"32":{"start":{"line":67,"column":4},"end":{"line":67,"column":105}},"33":{"start":{"line":68,"column":4},"end":{"line":68,"column":116}},"34":{"start":{"line":75,"column":0},"end":{"line":131,"column":2}},"35":{"start":{"line":76,"column":20},"end":{"line":76,"column":90}},"36":{"start":{"line":77,"column":2},"end":{"line":130,"column":3}},"37":{"start":{"line":78,"column":49},"end":{"line":78,"column":58}},"38":{"start":{"line":80,"column":4},"end":{"line":86,"column":5}},"39":{"start":{"line":81,"column":6},"end":{"line":85,"column":9}},"40":{"start":{"line":88,"column":16},"end":{"line":88,"column":61}},"41":{"start":{"line":90,"column":19},"end":{"line":124,"column":6}},"42":{"start":{"line":126,"column":4},"end":{"line":126,"column":86}},"43":{"start":{"line":128,"column":4},"end":{"line":128,"column":109}},"44":{"start":{"line":129,"column":4},"end":{"line":129,"column":117}},"45":{"start":{"line":136,"column":0},"end":{"line":224,"column":2}},"46":{"start":{"line":137,"column":20},"end":{"line":137,"column":90}},"47":{"start":{"line":138,"column":20},"end":{"line":138,"column":30}},"48":{"start":{"line":140,"column":2},"end":{"line":223,"column":3}},"49":{"start":{"line":141,"column":71},"end":{"line":141,"column":80}},"50":{"start":{"line":144,"column":29},"end":{"line":144,"column":74}},"51":{"start":{"line":145,"column":4},"end":{"line":153,"column":5}},"52":{"start":{"line":146,"column":6},"end":{"line":152,"column":9}},"53":{"start":{"line":155,"column":19},"end":{"line":155,"column":21}},"54":{"start":{"line":156,"column":4},"end":{"line":156,"column":60}},"55":{"start":{"line":156,"column":14},"end":{"line":156,"column":60}},"56":{"start":{"line":157,"column":4},"end":{"line":157,"column":76}},"57":{"start":{"line":157,"column":18},"end":{"line":157,"column":76}},"58":{"start":{"line":159,"column":4},"end":{"line":163,"column":5}},"59":{"start":{"line":160,"column":6},"end":{"line":162,"column":8}},"60":{"start":{"line":161,"column":50},"end":{"line":161,"column":58}},"61":{"start":{"line":165,"column":16},"end":{"line":165,"column":39}},"62":{"start":{"line":167,"column":4},"end":{"line":169,"column":42}},"63":{"start":{"line":167,"column":31},"end":{"line":167,"column":75}},"64":{"start":{"line":168,"column":9},"end":{"line":169,"column":42}},"65":{"start":{"line":168,"column":35},"end":{"line":168,"column":78}},"66":{"start":{"line":169,"column":9},"end":{"line":169,"column":42}},"67":{"start":{"line":171,"column":16},"end":{"line":171,"column":64}},"68":{"start":{"line":172,"column":17},"end":{"line":172,"column":46}},"69":{"start":{"line":175,"column":22},"end":{"line":175,"column":31}},"70":{"start":{"line":176,"column":4},"end":{"line":181,"column":7}},"71":{"start":{"line":177,"column":18},"end":{"line":177,"column":40}},"72":{"start":{"line":178,"column":6},"end":{"line":180,"column":7}},"73":{"start":{"line":179,"column":8},"end":{"line":179,"column":30}},"74":{"start":{"line":183,"column":21},"end":{"line":186,"column":7}},"75":{"start":{"line":183,"column":64},"end":{"line":186,"column":5}},"76":{"start":{"line":189,"column":4},"end":{"line":194,"column":5}},"77":{"start":{"line":190,"column":6},"end":{"line":190,"column":71}},"78":{"start":{"line":190,"column":32},"end":{"line":190,"column":69}},"79":{"start":{"line":191,"column":6},"end":{"line":191,"column":66}},"80":{"start":{"line":191,"column":33},"end":{"line":191,"column":66}},"81":{"start":{"line":192,"column":11},"end":{"line":194,"column":5}},"82":{"start":{"line":193,"column":6},"end":{"line":193,"column":71}},"83":{"start":{"line":193,"column":32},"end":{"line":193,"column":69}},"84":{"start":{"line":197,"column":4},"end":{"line":200,"column":5}},"85":{"start":{"line":198,"column":6},"end":{"line":198,"column":35}},"86":{"start":{"line":199,"column":6},"end":{"line":199,"column":42}},"87":{"start":{"line":202,"column":21},"end":{"line":202,"column":43}},"88":{"start":{"line":203,"column":4},"end":{"line":205,"column":5}},"89":{"start":{"line":204,"column":6},"end":{"line":204,"column":100}},"90":{"start":{"line":207,"column":4},"end":{"line":214,"column":7}},"91":{"start":{"line":216,"column":4},"end":{"line":216,"column":108}},"92":{"start":{"lin
[...]
,"/Users/prabhas/Downloads/farmer-marketplace-backend/src/models/MandiPrice.js": {"path":"/Users/prabhas/Downloads/farmer-marketplace-backend/src/models/MandiPrice.js","statementMap":{"0":{"start":{"line":1,"column":17},"end":{"line":1,"column":36}},"1":{"start":{"line":3,"column":25},"end":{"line":41,"column":1}},"2":{"start":{"line":44,"column":0},"end":{"line":44,"column":49}},"3":{"start":{"line":45,"column":0},"end":{"line":45,"column":36}},"4":{"start":{"line":46,"column":0},"end":{"line":46,"column":37}},"5":{"start":{"line":47,"column":0},"end":{"line":47,"column":37}},"6":{"start":{"line":49,"column":0},"end":{"line":49,"column":64}}},"fnMap":{},"branchMap":{},"s":{"0":10,"1":10,"2":10,"3":10,"4":10,"5":10,"6":10},"f":{},"b":{},"_coverageSchema":"1a1c01bbd47fc00a2c39e90264f33305004495a9","hash":"6ca708cb59ea2c4c35f5a9ccefc992a0004d9913"}
,"/Users/prabhas/Downloads/farmer-marketplace-backend/src/models/User.js": {"path":"/Users/prabhas/Downloads/farmer-marketplace-backend/src/models/User.js","statementMap":{"0":{"start":{"line":1,"column":17},"end":{"line":1,"column":36}},"1":{"start":{"line":3,"column":19},"end":{"line":86,"column":24}},"2":{"start":{"line":89,"column":15},"end":{"line":89,"column":34}},"3":{"start":{"line":91,"column":0},"end":{"line":97,"column":3}},"4":{"start":{"line":92,"column":2},"end":{"line":94,"column":3}},"5":{"start":{"line":93,"column":4},"end":{"line":93,"column":11}},"6":{"start":{"line":95,"column":15},"end":{"line":95,"column":39}},"7":{"start":{"line":96,"column":2},"end":{"line":96,"column":57}},"8":{"start":{"line":100,"column":0},"end":{"line":102,"column":2}},"9":{"start":{"line":101,"column":2},"end":{"line":101,"column":62}},"10":{"start":{"line":105,"column":0},"end":{"line":105,"column":54}},"11":{"start":{"line":107,"column":0},"end":{"line":107,"column":52}}},"fnMap":{"0":{"name":"(anonymous_0)","decl":{"start":{"line":91,"column":23},"end":{"line":91,"column":24}},"loc":{"start":{"line":91,"column":41},"end":{"line":97,"column":1}},"line":91},"1":{"name":"(anonymous_1)","decl":{"start":{"line":100,"column":35},"end":{"line":100,"column":36}},"loc":{"start":{"line":100,"column":68},"end":{"line":102,"column":1}},"line":100}},"branchMap":{"0":{"loc":{"start":{"line":92,"column":2},"end":{"line":94,"column":3}},"type":"if","locations":[{"start":{"line":92,"column":2},"end":{"line":94,"column":3}},{"start":{},"end":{}}],"line":92}},"s":{"0":11,"1":11,"2":11,"3":11,"4":54,"5":41,"6":13,"7":13,"8":11,"9":4,"10":11,"11":11},"f":{"0":54,"1":4},"b":{"0":[41,13]},"_coverageSchema":"1a1c01bbd47fc00a2c39e90264f33305004495a9","hash":"b0575106d360caf8e5f3b35d0af5a8242c09999d"}
,"/Users/prabhas/Downloads/farmer-marketplace-backend/src/models/Watchlist.js": {"path":"/Users/prabhas/Downloads/farmer-marketplace-backend/src/models/Watchlist.js","statementMap":{"0":{"start":{"line":1,"column":17},"end":{"line":1,"column":36}},"1":{"start":{"line":3,"column":24},"end":{"line":21,"column":2}},"2":{"start":{"line":24,"column":0},"end":{"line":24,"column":72}},"3":{"start":{"line":26,"column":0},"end":{"line":26,"column":62}}},"fnMap":{},"branchMap":{},"s":{"0":10,"1":10,"2":10,"3":10},"f":{},"b":{},"_coverageSchema":"1a1c01bbd47fc00a2c39e90264f33305004495a9","hash":"02ed497b62b9cf9d631f6ee0873b5681584a480c"}
,"/Users/prabhas/Downloads/farmer-marketplace-backend/src/routes/adminRoutes.js": {"path":"/Users/prabhas/Downloads/farmer-marketplace-backend/src/routes/adminRoutes.js","statementMap":{"0":{"start":{"line":1,"column":16},"end":{"line":1,"column":34}},"1":{"start":{"line":2,"column":15},"end":{"line":2,"column":31}},"2":{"start":{"line":3,"column":19},"end":{"line":3,"column":60}},"3":{"start":{"line":4,"column":31},"end":{"line":4,"column":70}},"4":{"start":{"line":7,"column":0},"end":{"line":7,"column":20}},"5":{"start":{"line":8,"column":0},"end":{"line":8,"column":31}},"6":{"start":{"line":10,"column":0},"end":{"line":10,"column":42}},"7":{"start":{"line":11,"column":0},"end":{"line":11,"column":58}},"8":{"start":{"line":12,"column":0},"end":{"line":12,"column":47}},"9":{"start":{"line":13,"column":0},"end":{"line":13,"column":50}},"10":{"start":{"line":15,"column":0},"end":{"line":15,"column":24}}},"fnMap":{},"branchMap":{},"s":{"0":10,"1":10,"2":10,"3":10,"4":10,"5":10,"6":10,"7":10,"8":10,"9":10,"10":10},"f":{},"b":{},"_coverageSchema":"1a1c01bbd47fc00a2c39e90264f33305004495a9","hash":"746766c6f44c88cdfa1e9a33171d4e06104bc20d"}
,"/Users/prabhas/Downloads/farmer-marketplace-backend/src/routes/analyticsRoutes.js": {"path":"/Users/prabhas/Downloads/farmer-marketplace-backend/src/routes/analyticsRoutes.js","statementMap":{"0":{"start":{"line":1,"column":16},"end":{"line":1,"column":34}},"1":{"start":{"line":2,"column":15},"end":{"line":2,"column":31}},"2":{"start":{"line":3,"column":28},"end":{"line":3,"column":73}},"3":{"start":{"line":4,"column":20},"end":{"line":4,"column":59}},"4":{"start":{"line":43,"column":0},"end":{"line":43,"column":77}},"5":{"start":{"line":44,"column":0},"end":{"line":44,"column":24}}},"fnMap":{},"branchMap":{},"s":{"0":10,"1":10,"2":10,"3":10,"4":10,"5":10},"f":{},"b":{},"_coverageSchema":"1a1c01bbd47fc00a2c39e90264f33305004495a9","hash":"a77ee95422b92ab0e6282315ed178c90c8ac8f68"}
,"/Users/prabhas/Downloads/farmer-marketplace-backend/src/routes/auctionRoutes.js": {"path":"/Users/prabhas/Downloads/farmer-marketplace-backend/src/routes/auctionRoutes.js","statementMap":{"0":{"start":{"line":1,"column":16},"end":{"line":1,"column":34}},"1":{"start":{"line":2,"column":15},"end":{"line":2,"column":31}},"2":{"start":{"line":9,"column":4},"end":{"line":9,"column":47}},"3":{"start":{"line":15,"column":4},"end":{"line":15,"column":43}},"4":{"start":{"line":18,"column":0},"end":{"line":24,"column":2}},"5":{"start":{"line":27,"column":0},"end":{"line":33,"column":2}},"6":{"start":{"line":36,"column":0},"end":{"line":41,"column":2}},"7":{"start":{"line":44,"column":0},"end":{"line":48,"column":2}},"8":{"start":{"line":50,"column":0},"end":{"line":50,"column":24}}},"fnMap":{},"branchMap":{},"s":{"0":10,"1":10,"2":10,"3":10,"4":10,"5":10,"6":10,"7":10,"8":10},"f":{},"b":{},"_coverageSchema":"1a1c01bbd47fc00a2c39e90264f33305004495a9","hash":"94e2e51f8e71f4da8d35ce65ee0fbf3e47457044"}
,"/Users/prabhas/Downloads/farmer-marketplace-backend/src/routes/authRoutes.js": {"path":"/Users/prabhas/Downloads/farmer-marketplace-backend/src/routes/authRoutes.js","statementMap":{"0":{"start":{"line":1,"column":16},"end":{"line":1,"column":34}},"1":{"start":{"line":2,"column":15},"end":{"line":2,"column":31}},"2":{"start":{"line":3,"column":19},"end":{"line":3,"column":59}},"3":{"start":{"line":6,"column":0},"end":{"line":6,"column":45}},"4":{"start":{"line":7,"column":0},"end":{"line":7,"column":49}},"5":{"start":{"line":8,"column":0},"end":{"line":8,"column":59}},"6":{"start":{"line":9,"column":0},"end":{"line":9,"column":44}},"7":{"start":{"line":11,"column":0},"end":{"line":11,"column":24}}},"fnMap":{},"branchMap":{},"s":{"0":10,"1":10,"2":10,"3":10,"4":10,"5":10,"6":10,"7":10},"f":{},"b":{},"_coverageSchema":"1a1c01bbd47fc00a2c39e90264f33305004495a9","hash":"8fdc72858c417729b088b6d438de996c5ab4c48f"}
,"/Users/prabhas/Downloads/farmer-marketplace-backend/src/routes/chatRoutes.js": {"path":"/Users/prabhas/Downloads/farmer-marketplace-backend/src/routes/chatRoutes.js","statementMap":{"0":{"start":{"line":1,"column":16},"end":{"line":1,"column":34}},"1":{"start":{"line":2,"column":15},"end":{"line":2,"column":31}},"2":{"start":{"line":3,"column":19},"end":{"line":3,"column":59}},"3":{"start":{"line":4,"column":20},"end":{"line":4,"column":59}},"4":{"start":{"line":6,"column":0},"end":{"line":6,"column":20}},"5":{"start":{"line":8,"column":0},"end":{"line":8,"column":49}},"6":{"start":{"line":9,"column":0},"end":{"line":9,"column":51}},"7":{"start":{"line":10,"column":0},"end":{"line":10,"column":47}},"8":{"start":{"line":12,"column":0},"end":{"line":12,"column":24}}},"fnMap":{},"branchMap":{},"s":{"0":10,"1":10,"2":10,"3":10,"4":10,"5":10,"6":10,"7":10,"8":10},"f":{},"b":{},"_coverageSchema":"1a1c01bbd47fc00a2c39e90264f33305004495a9","hash":"b088d56add1f8571fc4f75b1a2e46cea4282ab9c"}
,"/Users/prabhas/Downloads/farmer-marketplace-backend/src/routes/dealRoutes.js": {"path":"/Users/prabhas/Downloads/farmer-marketplace-backend/src/routes/dealRoutes.js","statementMap":{"0":{"start":{"line":1,"column":16},"end":{"line":1,"column":34}},"1":{"start":{"line":2,"column":15},"end":{"line":2,"column":31}},"2":{"start":{"line":3,"column":19},"end":{"line":3,"column":59}},"3":{"start":{"line":4,"column":20},"end":{"line":4,"column":59}},"4":{"start":{"line":6,"column":0},"end":{"line":6,"column":20}},"5":{"start":{"line":8,"column":0},"end":{"line":8,"column":40}},"6":{"start":{"line":9,"column":0},"end":{"line":9,"column":48}},"7":{"start":{"line":10,"column":0},"end":{"line":10,"column":51}},"8":{"start":{"line":11,"column":0},"end":{"line":11,"column":51}},"9":{"start":{"line":12,"column":0},"end":{"line":12,"column":39}},"10":{"start":{"line":14,"column":0},"end":{"line":14,"column":24}}},"fnMap":{},"branchMap":{},"s":{"0":10,"1":10,"2":10,"3":10,"4":10,"5":10,"6":10,"7":10,"8":10,"9":10,"10":10},"f":{},"b":{},"_coverageSchema":"1a1c01bbd47fc00a2c39e90264f33305004495a9","hash":"38542120f4f4f1938c090f4ff108a809e1195a17"}
,"/Users/prabhas/Downloads/farmer-marketplace-backend/src/routes/inventoryRoutes.js": {"path":"/Users/prabhas/Downloads/farmer-marketplace-backend/src/routes/inventoryRoutes.js","statementMap":{"0":{"start":{"line":1,"column":16},"end":{"line":1,"column":34}},"1":{"start":{"line":2,"column":15},"end":{"line":2,"column":31}},"2":{"start":{"line":3,"column":28},"end":{"line":3,"column":73}},"3":{"start":{"line":4,"column":23},"end":{"line":4,"column":62}},"4":{"start":{"line":7,"column":0},"end":{"line":7,"column":35}},"5":{"start":{"line":10,"column":0},"end":{"line":10,"column":52}},"6":{"start":{"line":13,"column":0},"end":{"line":13,"column":54}},"7":{"start":{"line":16,"column":0},"end":{"line":16,"column":66}},"8":{"start":{"line":19,"column":0},"end":{"line":19,"column":54}},"9":{"start":{"line":22,"column":0},"end":{"line":22,"column":61}},"10":{"start":{"line":24,"column":0},"end":{"line":24,"column":24}}},"fnMap":{},"branchMap":{},"s":{"0":10,"1":10,"2":10,"3":10,"4":10,"5":10,"6":10,"7":10,"8":10,"9":10,"10":10},"f":{},"b":{},"_coverageSchema":"1a1c01bbd47fc00a2c39e90264f33305004495a9","hash":"0061926940481c7a8210380aa4deefdae9b41ac4"}
,"/Users/prabhas/Downloads/farmer-marketplace-backend/src/routes/invoiceRoutes.js": {"path":"/Users/prabhas/Downloads/farmer-marketplace-backend/src/routes/invoiceRoutes.js","statementMap":{"0":{"start":{"line":1,"column":16},"end":{"line":1,"column":34}},"1":{"start":{"line":2,"column":15},"end":{"line":2,"column":31}},"2":{"start":{"line":3,"column":19},"end":{"line":3,"column":62}},"3":{"start":{"line":4,"column":20},"end":{"line":4,"column":59}},"4":{"start":{"line":6,"column":0},"end":{"line":6,"column":20}},"5":{"start":{"line":8,"column":0},"end":{"line":8,"column":60}},"6":{"start":{"line":10,"column":0},"end":{"line":10,"column":24}}},"fnMap":{},"branchMap":{},"s":{"0":10,"1":10,"2":10,"3":10,"4":10,"5":10,"6":10},"f":{},"b":{},"_coverageSchema":"1a1c01bbd47fc00a2c39e90264f33305004495a9","hash":"4846626c3997b0f0de3ab38f41434a5eac822235"}
,"/Users/prabhas/Downloads/farmer-marketplace-backend/src/routes/locationRoutes.js": {"path":"/Users/prabhas/Downloads/farmer-marketplace-backend/src/routes/locationRoutes.js","statementMap":{"0":{"start":{"line":1,"column":16},"end":{"line":1,"column":34}},"1":{"start":{"line":2,"column":15},"end":{"line":2,"column":31}},"2":{"start":{"line":3,"column":17},"end":{"line":3,"column":46}},"3":{"start":{"line":6,"column":0},"end":{"line":24,"column":3}},"4":{"start":{"line":7,"column":2},"end":{"line":23,"column":3}},"5":{"start":{"line":8,"column":22},"end":{"line":10,"column":24}},"6":{"start":{"line":13,"column":17},"end":{"line":18,"column":7}},"7":{"start":{"line":13,"column":41},"end":{"line":18,"column":5}},"8":{"start":{"line":20,"column":4},"end":{"line":20,"column":57}},"9":{"start":{"line":22,"column":4},"end":{"line":22,"column":76}},"10":{"start":{"line":27,"column":0},"end":{"line":50,"column":3}},"11":{"start":{"line":28,"column":2},"end":{"line":49,"column":3}},"12":{"start":{"line":29,"column":31},"end":{"line":29,"column":39}},"13":{"start":{"line":31,"column":4},"end":{"line":36,"column":5}},"14":{"start":{"line":32,"column":6},"end":{"line":35,"column":9}},"15":{"start":{"line":38,"column":20},"end":{"line":44,"column":6}},"16":{"start":{"line":46,"column":4},"end":{"line":46,"column":62}},"17":{"start":{"line":48,"column":4},"end":{"line":48,"column":76}},"18":{"start":{"line":52,"column":0},"end":{"line":52,"column":24}}},"fnMap":{"0":{"name":"(anonymous_0)","decl":{"start":{"line":6,"column":16},"end":{"line":6,"column":17}},"loc":{"start":{"line":6,"column":36},"end":{"line":24,"column":1}},"line":6},"1":{"name":"(anonymous_1)","decl":{"start":{"line":13,"column":31},"end":{"line":13,"column":32}},"loc":{"start":{"line":13,"column":41},"end":{"line":18,"column":5}},"line":13},"2":{"name":"(anonymous_2)","decl":{"start":{"line":27,"column":17},"end":{"line":27,"column":18}},"loc":{"start":{"line":27,"column":37},"end":{"line":50,"column":1}},"line":27}},"branchMap":{"0":{"loc":{"start":{"line":31,"column":4},"end":{"line":36,"column":5}},"type":"if","locations":[{"start":{"line":31,"column":4},"end":{"line":36,"column":5}},{"start":{},"end":{}}],"line":31},"1":{"loc":{"start":{"line":31,"column":8},"end":{"line":31,"column":67}},"type":"binary-expr","locations":[{"start":{"line":31,"column":8},"end":{"line":31,"column":13}},{"start":{"line":31,"column":17},"end":{"line":31,"column":40}},{"start":{"line":31,"column":44},"end":{"line":31,"column":67}}],"line":31}},"s":{"0":10,"1":10,"2":10,"3":10,"4":0,"5":0,"6":0,"7":0,"8":0,"9":0,"10":10,"11":0,"12":0,"13":0,"14":0,"15":0,"16":0,"17":0,"18":10},"f":{"0":0,"1":0,"2":0},"b":{"0":[0,0],"1":[0,0,0]},"_coverageSchema":"1a1c01bbd47fc00a2c39e90264f33305004495a9","hash":"46e4e9c4fec7ff9823252aec3da95a9805067f6f"}
,"/Users/prabhas/Downloads/farmer-marketplace-backend/src/routes/mandiRoutes.js": {"path":"/Users/prabhas/Downloads/farmer-marketplace-backend/src/routes/mandiRoutes.js","statementMap":{"0":{"start":{"line":1,"column":16},"end":{"line":1,"column":34}},"1":{"start":{"line":2,"column":15},"end":{"line":2,"column":31}},"2":{"start":{"line":3,"column":19},"end":{"line":3,"column":60}},"3":{"start":{"line":7,"column":4},"end":{"line":7,"column":43}},"4":{"start":{"line":10,"column":0},"end":{"line":15,"column":2}},"5":{"start":{"line":20,"column":0},"end":{"line":20,"column":43}},"6":{"start":{"line":24,"column":0},"end":{"line":24,"column":59}},"7":{"start":{"line":26,"column":0},"end":{"line":26,"column":24}}},"fnMap":{},"branchMap":{},"s":{"0":10,"1":10,"2":10,"3":10,"4":10,"5":10,"6":10,"7":10},"f":{},"b":{},"_coverageSchema":"1a1c01bbd47fc00a2c39e90264f33305004495a9","hash":"6586232062d0b23a948a40413e4aecf1550cd992"}
,"/Users/prabhas/Downloads/farmer-marketplace-backend/src/routes/multimodalRoutes.js": {"path":"/Users/prabhas/Downloads/farmer-marketplace-backend/src/routes/multimodalRoutes.js","statementMap":{"0":{"start":{"line":1,"column":16},"end":{"line":1,"column":34}},"1":{"start":{"line":2,"column":15},"end":{"line":2,"column":31}},"2":{"start":{"line":3,"column":19},"end":{"line":3,"column":65}},"3":{"start":{"line":7,"column":4},"end":{"line":7,"column":43}},"4":{"start":{"line":10,"column":0},"end":{"line":14,"column":2}},"5":{"start":{"line":17,"column":0},"end":{"line":22,"column":2}},"6":{"start":{"line":24,"column":0},"end":{"line":24,"column":24}}},"fnMap":{},"branchMap":{},"s":{"0":10,"1":10,"2":10,"3":10,"4":10,"5":10,"6":10},"f":{},"b":{},"_coverageSchema":"1a1c01bbd47fc00a2c39e90264f33305004495a9","hash":"ef0c8e06d73063f306258d0e092c5ef73fa6c49a"}
,"/Users/prabhas/Downloads/farmer-marketplace-backend/src/routes/userRoutes.js": {"path":"/Users/prabhas/Downloads/farmer-marketplace-backend/src/routes/userRoutes.js","statementMap":{"0":{"start":{"line":1,"column":16},"end":{"line":1,"column":34}},"1":{"start":{"line":2,"column":15},"end":{"line":2,"column":31}},"2":{"start":{"line":3,"column":23},"end":{"line":3,"column":63}},"3":{"start":{"line":4,"column":31},"end":{"line":4,"column":70}},"4":{"start":{"line":7,"column":0},"end":{"line":7,"column":44}},"5":{"start":{"line":10,"column":0},"end":{"line":14,"column":2}},"6":{"start":{"line":17,"column":0},"end":{"line":21,"column":2}},"7":{"start":{"line":24,"column":0},"end":{"line":29,"column":2}},"8":{"start":{"line":32,"column":0},"end":{"line":36,"column":2}},"9":{"start":{"line":39,"column":0},"end":{"line":43,"column":2}},"10":{"start":{"line":46,"column":0},"end":{"line":50,"column":2}},"11":{"start":{"line":53,"column":0},"end":{"line":56,"column":2}},"12":{"start":{"line":59,"column":0},"end":{"line":59,"column":63}},"13":{"start":{"line":62,"column":0},"end":{"line":62,"column":62}},"14":{"start":{"line":63,"column":0},"end":{"line":63,"column":72}},"15":{"start":{"line":68,"column":0},"end":{"line":68,"column":24}}},"fnMap":{},"branchMap":{},"s":{"0":10,"1":10,"2":10,"3":10,"4":10,"5":10,"6":10,"7":10,"8":10,"9":10,"10":10,"11":10,"12":10,"13":10,"14":10,"15":10},"f":{},"b":{},"_coverageSchema":"1a1c01bbd47fc00a2c39e90264f33305004495a9","hash":"6724a5c1fd08281d227541efc6a68fb8bc657974"}
,"/Users/prabhas/Downloads/farmer-marketplace-backend/src/routes/watchlistRoutes.js": {"path":"/Users/prabhas/Downloads/farmer-marketplace-backend/src/routes/watchlistRoutes.js","statementMap":{"0":{"start":{"line":1,"column":16},"end":{"line":1,"column":34}},"1":{"start":{"line":2,"column":15},"end":{"line":2,"column":31}},"2":{"start":{"line":3,"column":19},"end":{"line":3,"column":64}},"3":{"start":{"line":4,"column":20},"end":{"line":4,"column":59}},"4":{"start":{"line":7,"column":0},"end":{"line":7,"column":20}},"5":{"start":{"line":9,"column":0},"end":{"line":9,"column":39}},"6":{"start":{"line":10,"column":0},"end":{"line":10,"column":43}},"7":{"start":{"line":11,"column":0},"end":{"line":11,"column":46}},"8":{"start":{"line":13,"column":0},"end":{"line":13,"column":24}}},"fnMap":{},"branchMap":{},"s":{"0":10,"1":10,"2":10,"3":10,"4":10,"5":10,"6":10,"7":10,"8":10},"f":{},"b":{},"_coverageSchema":"1a1c01bbd47fc00a2c39e90264f33305004495a9","hash":"bc3c783cde50b07776d03bcb3092f1a037e2260e"}
,"/Users/prabhas/Downloads/farmer-marketplace-backend/src/services/trustService.js": {"path":"/Users/prabhas/Downloads/farmer-marketplace-backend/src/services/trustService.js","statementMap":{"0":{"start":{"line":1,"column":0},"end":{"line":9,"column":4}},"1":{"start":{"line":5,"column":22},"end":{"line":5,"column":24}},"2":{"start":{"line":6,"column":18},"end":{"line":6,"column":44}},"3":{"start":{"line":8,"column":4},"end":{"line":8,"column":44}}},"fnMap":{"0":{"name":"(anonymous_0)","decl":{"start":{"line":1,"column":27},"end":{"line":1,"column":28}},"loc":{"start":{"line":1,"column":37},"end":{"line":9,"column":3}},"line":1}},"branchMap":{},"s":{"0":10,"1":12,"2":12,"3":12},"f":{"0":12},"b":{},"_coverageSchema":"1a1c01bbd47fc00a2c39e90264f33305004495a9","hash":"9a4705f9b3756a8188fbd87d3ad484e156ddaf5b"}
}
