TN:
SF:src/app.js
FN:22,(anonymous_0)
FNF:1
FNH:0
FNDA:0,(anonymous_0)
DA:1,10
DA:2,10
DA:3,10
DA:5,10
DA:6,10
DA:8,10
DA:9,10
DA:18,10
DA:19,0
DA:22,10
DA:23,0
DA:26,10
DA:27,10
DA:29,10
DA:30,10
DA:31,10
DA:32,10
DA:34,10
DA:35,10
DA:36,10
DA:37,10
DA:38,10
DA:39,10
DA:40,10
DA:41,10
DA:45,10
DA:49,10
LF:27
LH:25
BRDA:18,0,0,0
BRDA:18,0,1,10
BRF:2
BRH:1
end_of_record
TN:
SF:src/config/db.js
FN:3,(anonymous_0)
FNF:1
FNH:0
FNDA:0,(anonymous_0)
DA:1,10
DA:3,10
DA:4,0
DA:5,0
DA:6,0
DA:8,0
DA:9,0
DA:13,10
LF:8
LH:3
BRF:0
BRH:0
end_of_record
TN:
SF:src/controllers/adminController.js
FN:5,(anonymous_0)
FN:13,(anonymous_1)
FN:37,(anonymous_2)
FN:52,(anonymous_3)
FN:61,(anonymous_4)
FN:74,(anonymous_5)
FN:83,(anonymous_6)
FN:98,(anonymous_7)
FN:123,(anonymous_8)
FN:130,(anonymous_9)
FN:146,(anonymous_10)
FN:176,(anonymous_11)
FNF:12
FNH:0
FNDA:0,(anonymous_0)
FNDA:0,(anonymous_1)
FNDA:0,(anonymous_2)
FNDA:0,(anonymous_3)
FNDA:0,(anonymous_4)
FNDA:0,(anonymous_5)
FNDA:0,(anonymous_6)
FNDA:0,(anonymous_7)
FNDA:0,(anonymous_8)
FNDA:0,(anonymous_9)
FNDA:0,(anonymous_10)
FNDA:0,(anonymous_11)
DA:1,10
DA:2,10
DA:3,10
DA:5,10
DA:6,0
DA:7,0
DA:8,0
DA:9,0
DA:12,0
DA:13,0
DA:16,0
DA:17,0
DA:18,0
DA:20,0
DA:33,0
DA:37,10
DA:38,0
DA:39,0
DA:45,0
DA:49,0
DA:52,0
DA:61,0
DA:70,0
DA:74,10
DA:75,0
DA:76,0
DA:81,0
DA:83,0
DA:94,0
DA:98,10
DA:99,0
DA:101,0
DA:102,0
DA:103,0
DA:104,0
DA:106,0
DA:111,0
DA:112,0
DA:113,0
DA:115,0
DA:116,0
DA:117,0
DA:118,0
DA:119,0
DA:120,0
DA:123,0
DA:124,0
DA:125,0
DA:126,0
DA:130,0
DA:133,0
DA:138,0
DA:146,0
DA:155,0
DA:168,0
DA:176,0
DA:185,0
LF:57
LH:7
BRDA:13,0,0,0
BRDA:13,0,1,0
BRDA:54,1,0,0
BRDA:54,1,1,0
BRDA:55,2,0,0
BRDA:55,2,1,0
BRDA:56,3,0,0
BRDA:56,3,1,0
BRDA:65,4,0,0
BRDA:65,4,1,0
BRDA:85,5,0,0
BRDA:85,5,1,0
BRDA:86,6,0,0
BRDA:86,6,1,0
BRDA:125,7,0,0
BRDA:125,7,1,0
BRDA:146,8,0,0
BRDA:146,8,1,0
BRDA:147,9,0,0
BRDA:147,9,1,0
BRDA:149,10,0,0
BRDA:149,10,1,0
BRDA:173,11,0,0
BRDA:173,11,1,0
BRDA:178,12,0,0
BRDA:178,12,1,0
BRDA:179,13,0,0
BRDA:179,13,1,0
BRF:28
BRH:0
end_of_record
TN:
SF:src/controllers/analyticsController.js
FN:19,(anonymous_0)
FN:20,(anonymous_1)
FN:28,(anonymous_2)
FN:32,(anonymous_3)
FN:36,(anonymous_4)
FN:59,(anonymous_5)
FN:87,(anonymous_6)
FN:147,(anonymous_7)
FN:165,(anonymous_8)
FNF:9
FNH:1
FNDA:0,(anonymous_0)
FNDA:0,(anonymous_1)
FNDA:0,(anonymous_2)
FNDA:0,(anonymous_3)
FNDA:0,(anonymous_4)
FNDA:0,(anonymous_5)
FNDA:6,(anonymous_6)
FNDA:0,(anonymous_7)
FNDA:0,(anonymous_8)
DA:1,10
DA:2,10
DA:3,10
DA:4,10
DA:7,10
DA:19,10
DA:20,0
DA:21,0
DA:23,0
DA:25,0
DA:26,0
DA:28,0
DA:29,0
DA:32,0
DA:33,0
DA:36,0
DA:37,0
DA:38,0
DA:40,0
DA:41,0
DA:42,0
DA:43,0
DA:45,0
DA:50,0
DA:51,0
DA:52,0
DA:59,10
DA:60,0
DA:61,0
DA:64,0
DA:65,0
DA:66,0
DA:68,0
DA:69,0
DA:70,0
DA:72,0
DA:74,0
DA:75,0
DA:76,0
DA:77,0
DA:79,0
DA:87,10
DA:88,6
DA:89,6
DA:91,6
DA:92,1
DA:96,5
DA:97,5
DA:103,5
DA:104,5
DA:105,5
DA:119,0
DA:122,0
DA:123,0
DA:125,0
DA:126,0
DA:129,0
DA:130,0
DA:131,0
DA:134,0
DA:135,0
DA:136,0
DA:138,0
DA:145,0
DA:146,0
DA:147,0
DA:155,0
DA:157,0
DA:161,0
DA:162,0
DA:165,0
DA:166,0
DA:167,0
DA:168,0
DA:175,0
DA:178,0
DA:179,0
DA:188,0
DA:192,0
DA:204,0
DA:205,0
LF:81
LH:17
BRDA:37,0,0,0
BRDA:37,0,1,0
BRDA:37,1,0,0
BRDA:37,1,1,0
BRDA:42,2,0,0
BRDA:42,2,1,0
BRDA:60,3,0,0
BRDA:60,3,1,0
BRDA:60,4,0,0
BRDA:60,4,1,0
BRDA:69,5,0,0
BRDA:69,5,1,0
BRDA:70,6,0,0
BRDA:70,6,1,0
BRDA:72,7,0,0
BRDA:72,7,1,0
BRDA:74,8,0,0
BRDA:74,8,1,0
BRDA:76,9,0,0
BRDA:76,9,1,0
BRDA:89,10,0,2
BRDA:91,11,0,1
BRDA:91,11,1,5
BRDA:91,12,0,6
BRDA:91,12,1,5
BRDA:103,13,0,5
BRDA:103,13,1,0
BRDA:119,14,0,0
BRDA:119,14,1,0
BRDA:122,15,0,0
BRDA:122,15,1,0
BRDA:161,16,0,0
BRDA:161,16,1,0
BRF:33
BRH:6
end_of_record
TN:
SF:src/controllers/auctionController.js
FN:4,(anonymous_0)
FN:23,(anonymous_1)
FN:40,(anonymous_2)
FN:73,(anonymous_3)
FN:115,(anonymous_4)
FNF:5
FNH:4
FNDA:4,(anonymous_0)
FNDA:2,(anonymous_1)
FNDA:0,(anonymous_2)
FNDA:3,(anonymous_3)
FNDA:1,(anonymous_4)
DA:1,10
DA:4,10
DA:5,4
DA:6,4
DA:13,4
DA:18,0
DA:23,10
DA:24,2
DA:25,2
DA:27,2
DA:28,0
DA:30,2
DA:31,1
DA:37,1
DA:39,1
DA:40,1
DA:41,0
DA:44,1
DA:50,1
DA:53,1
DA:54,1
DA:55,0
DA:62,1
DA:68,0
DA:73,10
DA:74,3
DA:75,3
DA:77,3
DA:80,3
DA:81,3
DA:82,0
DA:83,0
DA:87,3
DA:88,1
DA:92,3
DA:93,0
DA:97,3
DA:98,1
DA:99,1
DA:100,1
DA:103,3
DA:108,3
DA:110,0
DA:115,10
DA:116,1
DA:117,1
DA:121,1
DA:123,0
LF:48
LH:38
BRDA:27,0,0,0
BRDA:27,0,1,2
BRDA:30,1,0,1
BRDA:30,1,1,1
BRDA:39,2,0,1
BRDA:39,2,1,0
BRDA:41,3,0,0
BRDA:41,3,1,0
BRDA:54,4,0,0
BRDA:54,4,1,1
BRDA:57,5,0,0
BRDA:57,5,1,0
BRDA:80,6,0,3
BRDA:80,6,1,0
BRDA:80,7,0,3
BRDA:80,7,1,0
BRDA:82,8,0,0
BRDA:82,8,1,0
BRDA:87,9,0,1
BRDA:87,9,1,2
BRDA:92,10,0,0
BRDA:92,10,1,3
BRDA:97,11,0,1
BRDA:97,11,1,2
BRDA:97,12,0,3
BRDA:97,12,1,2
BRDA:99,13,0,1
BRDA:99,13,1,0
BRDA:100,14,0,0
BRDA:100,14,1,1
BRF:30
BRH:16
end_of_record
TN:
SF:src/controllers/authController.js
FN:9,(anonymous_0)
FN:32,(anonymous_1)
FN:63,(anonymous_2)
FN:95,(anonymous_3)
FN:151,(anonymous_4)
FNF:5
FNH:4
FNDA:0,(anonymous_0)
FNDA:13,(anonymous_1)
FNDA:12,(anonymous_2)
FNDA:12,(anonymous_3)
FNDA:2,(anonymous_4)
DA:1,10
DA:2,10
DA:3,10
DA:9,10
DA:10,0
DA:11,0
DA:12,0
DA:24,0
DA:32,10
DA:33,13
DA:34,13
DA:36,13
DA:37,13
DA:39,13
DA:43,12
DA:45,12
DA:46,12
DA:47,12
DA:50,12
DA:56,0
DA:63,10
DA:64,12
DA:65,12
DA:67,12
DA:68,12
DA:69,0
DA:72,12
DA:73,12
DA:75,12
DA:77,12
DA:88,0
DA:95,10
DA:96,12
DA:97,12
DA:99,12
DA:100,0
DA:104,12
DA:105,0
DA:108,12
DA:109,12
DA:110,0
DA:113,12
DA:114,0
DA:117,12
DA:118,12
DA:119,12
DA:120,12
DA:122,12
DA:125,12
DA:131,12
DA:144,0
DA:151,10
DA:152,2
DA:153,2
DA:156,2
DA:157,0
DA:161,2
DA:163,2
DA:164,0
DA:168,2
DA:169,0
DA:173,2
DA:175,2
DA:176,1
DA:180,1
DA:186,1
DA:199,0
LF:67
LH:51
BRDA:37,0,0,13
BRDA:37,0,1,0
BRDA:68,1,0,0
BRDA:68,1,1,12
BRDA:68,2,0,12
BRDA:68,2,1,12
BRDA:99,3,0,0
BRDA:99,3,1,12
BRDA:99,4,0,12
BRDA:99,4,1,12
BRDA:99,4,2,12
BRDA:99,4,3,12
BRDA:104,5,0,0
BRDA:104,5,1,12
BRDA:109,6,0,0
BRDA:109,6,1,12
BRDA:113,7,0,0
BRDA:113,7,1,12
BRDA:156,8,0,0
BRDA:156,8,1,2
BRDA:156,9,0,2
BRDA:156,9,1,2
BRDA:163,10,0,0
BRDA:163,10,1,2
BRDA:168,11,0,0
BRDA:168,11,1,2
BRDA:175,12,0,1
BRDA:175,12,1,1
BRF:28
BRH:19
end_of_record
TN:
SF:src/controllers/chatController.js
FN:5,(anonymous_0)
FN:42,(anonymous_1)
FN:55,(anonymous_2)
FN:67,(anonymous_3)
FNF:4
FNH:0
FNDA:0,(anonymous_0)
FNDA:0,(anonymous_1)
FNDA:0,(anonymous_2)
FNDA:0,(anonymous_3)
DA:1,10
DA:2,10
DA:5,10
DA:6,0
DA:7,0
DA:8,0
DA:10,0
DA:11,0
DA:15,0
DA:19,0
DA:20,0
DA:23,0
DA:25,0
DA:26,0
DA:31,0
DA:34,0
DA:37,0
DA:42,10
DA:43,0
DA:44,0
DA:46,0
DA:50,0
DA:51,0
DA:55,0
DA:56,0
DA:57,0
DA:60,0
DA:62,0
DA:67,10
DA:70,0
DA:71,0
DA:76,0
DA:81,0
DA:83,0
LF:34
LH:5
BRDA:10,0,0,0
BRDA:10,0,1,0
BRDA:19,1,0,0
BRDA:19,1,1,0
BRDA:25,2,0,0
BRDA:25,2,1,0
BRDA:28,3,0,0
BRDA:28,3,1,0
BRDA:50,4,0,0
BRDA:50,4,1,0
BRDA:56,5,0,0
BRDA:56,5,1,0
BRDA:71,6,0,0
BRDA:71,6,1,0
BRF:14
BRH:0
end_of_record
TN:
SF:src/controllers/dealController.js
FN:5,(anonymous_0)
FN:35,(anonymous_1)
FN:70,(anonymous_2)
FN:104,(anonymous_3)
FN:124,(anonymous_4)
FNF:5
FNH:3
FNDA:2,(anonymous_0)
FNDA:3,(anonymous_1)
FNDA:2,(anonymous_2)
FNDA:0,(anonymous_3)
FNDA:0,(anonymous_4)
DA:1,11
DA:2,11
DA:5,11
DA:6,2
DA:7,2
DA:8,2
DA:11,2
DA:12,1
DA:15,1
DA:27,1
DA:30,0
DA:35,11
DA:36,3
DA:37,3
DA:38,3
DA:40,3
DA:41,3
DA:44,2
DA:45,1
DA:49,1
DA:50,1
DA:51,1
DA:52,1
DA:55,1
DA:60,1
DA:62,1
DA:65,0
DA:70,11
DA:71,2
DA:72,2
DA:73,2
DA:75,2
DA:76,0
DA:80,2
DA:81,0
DA:82,0
DA:83,0
DA:89,2
DA:90,1
DA:93,1
DA:94,1
DA:96,1
DA:99,0
DA:104,11
DA:105,0
DA:106,0
DA:107,0
DA:109,0
DA:110,0
DA:113,0
DA:114,0
DA:116,0
DA:119,0
DA:124,11
DA:125,0
DA:126,0
DA:130,0
DA:133,0
DA:134,0
DA:135,0
DA:138,0
DA:140,0
LF:62
LH:38
BRDA:11,0,0,1
BRDA:11,0,1,1
BRDA:11,1,0,2
BRDA:11,1,1,2
BRDA:11,1,2,1
BRDA:11,1,3,1
BRDA:41,2,0,1
BRDA:41,2,1,2
BRDA:44,3,0,1
BRDA:44,3,1,1
BRDA:73,4,0,0
BRDA:73,4,1,2
BRDA:75,5,0,0
BRDA:75,5,1,2
BRDA:80,6,0,0
BRDA:80,6,1,2
BRDA:89,7,0,1
BRDA:89,7,1,1
BRDA:107,8,0,0
BRDA:107,8,1,0
BRDA:109,9,0,0
BRDA:109,9,1,0
BRDA:130,10,0,0
BRDA:130,10,1,0
BRDA:133,11,0,0
BRDA:133,11,1,0
BRDA:133,12,0,0
BRDA:133,12,1,0
BRF:28
BRH:15
end_of_record
TN:
SF:src/controllers/inventoryController.js
FN:5,(anonymous_0)
FN:43,(anonymous_1)
FN:57,(anonymous_2)
FN:81,(anonymous_3)
FN:107,(anonymous_4)
FN:129,(anonymous_5)
FN:139,(anonymous_6)
FNF:7
FNH:5
FNDA:4,(anonymous_0)
FNDA:3,(anonymous_1)
FNDA:7,(anonymous_2)
FNDA:1,(anonymous_3)
FNDA:1,(anonymous_4)
FNDA:0,(anonymous_5)
FNDA:0,(anonymous_6)
DA:1,10
DA:2,10
DA:5,10
DA:6,4
DA:7,4
DA:10,4
DA:11,0
DA:14,4
DA:21,4
DA:22,4
DA:25,4
DA:26,1
DA:28,3
DA:29,3
DA:32,4
DA:33,4
DA:35,4
DA:37,0
DA:38,0
DA:43,10
DA:44,3
DA:45,3
DA:46,3
DA:49,3
DA:50,1
DA:53,3
DA:56,3
DA:57,3
DA:58,7
DA:59,7
DA:61,4
DA:65,4
DA:66,4
DA:68,4
DA:70,7
DA:73,3
DA:75,0
DA:76,0
DA:81,10
DA:82,1
DA:83,1
DA:84,1
DA:86,1
DA:87,1
DA:88,0
DA:92,1
DA:93,1
DA:94,1
DA:95,1
DA:96,1
DA:98,1
DA:99,1
DA:101,0
DA:102,0
DA:107,10
DA:108,1
DA:109,1
DA:111,1
DA:117,1
DA:118,0
DA:121,1
DA:123,0
DA:124,0
DA:129,10
DA:130,0
DA:132,0
DA:138,0
DA:139,0
DA:140,0
DA:141,0
DA:142,0
DA:143,0
DA:146,0
DA:153,0
DA:154,0
LF:75
LH:53
BRDA:10,0,0,0
BRDA:10,0,1,4
BRDA:21,1,0,2
BRDA:21,1,1,2
BRDA:22,2,0,3
BRDA:22,2,1,1
BRDA:25,3,0,1
BRDA:25,3,1,3
BRDA:29,4,0,3
BRDA:29,4,1,3
BRDA:49,5,0,1
BRDA:49,5,1,2
BRDA:59,6,0,4
BRDA:59,6,1,3
BRDA:87,7,0,0
BRDA:87,7,1,1
BRDA:92,8,0,1
BRDA:92,8,1,0
BRDA:93,9,0,0
BRDA:93,9,1,1
BRDA:94,10,0,0
BRDA:94,10,1,1
BRDA:95,11,0,0
BRDA:95,11,1,1
BRDA:96,12,0,0
BRDA:96,12,1,1
BRDA:117,13,0,0
BRDA:117,13,1,1
BRF:28
BRH:20
end_of_record
TN:
SF:src/controllers/invoiceController.js
FN:6,(anonymous_0)
FNF:1
FNH:0
FNDA:0,(anonymous_0)
DA:1,10
DA:2,10
DA:3,10
DA:4,10
DA:6,10
DA:7,0
DA:8,0
DA:9,0
DA:13,0
DA:14,0
DA:17,0
DA:18,0
DA:21,0
DA:24,0
DA:25,0
DA:27,0
DA:30,0
DA:38,0
DA:45,0
DA:52,0
DA:58,0
DA:66,0
DA:67,0
DA:73,0
DA:78,0
DA:79,0
DA:85,0
DA:88,0
DA:91,0
LF:29
LH:5
BRDA:13,0,0,0
BRDA:13,0,1,0
BRDA:17,1,0,0
BRDA:17,1,1,0
BRF:4
BRH:0
end_of_record
TN:
SF:src/controllers/mandiController.js
FN:12,parseNumber
FN:19,normalizeUnit
FN:25,standardizeToQuintal
FN:42,(anonymous_3)
FN:75,(anonymous_4)
FN:136,(anonymous_5)
FN:161,(anonymous_6)
FN:176,(anonymous_7)
FN:183,(anonymous_8)
FN:190,(anonymous_9)
FN:193,(anonymous_10)
FNF:11
FNH:1
FNDA:0,parseNumber
FNDA:0,normalizeUnit
FNDA:0,standardizeToQuintal
FNDA:0,(anonymous_3)
FNDA:3,(anonymous_4)
FNDA:0,(anonymous_5)
FNDA:0,(anonymous_6)
FNDA:0,(anonymous_7)
FNDA:0,(anonymous_8)
FNDA:0,(anonymous_9)
FNDA:0,(anonymous_10)
DA:1,10
DA:2,10
DA:5,10
DA:13,0
DA:14,0
DA:15,0
DA:16,0
DA:20,0
DA:21,0
DA:22,0
DA:26,0
DA:27,0
DA:29,0
DA:30,0
DA:33,0
DA:35,0
DA:36,0
DA:42,10
DA:43,0
DA:44,0
DA:45,0
DA:47,0
DA:48,0
DA:49,0
DA:52,0
DA:63,0
DA:65,0
DA:67,0
DA:68,0
DA:75,10
DA:76,3
DA:77,3
DA:78,3
DA:80,3
DA:81,0
DA:88,3
DA:90,3
DA:126,3
DA:128,0
DA:129,0
DA:136,10
DA:137,0
DA:138,0
DA:140,0
DA:141,0
DA:144,0
DA:145,0
DA:146,0
DA:155,0
DA:156,0
DA:157,0
DA:159,0
DA:160,0
DA:161,0
DA:165,0
DA:167,0
DA:168,0
DA:169,0
DA:171,0
DA:172,0
DA:175,0
DA:176,0
DA:177,0
DA:178,0
DA:179,0
DA:183,0
DA:189,0
DA:190,0
DA:191,0
DA:192,0
DA:193,0
DA:197,0
DA:198,0
DA:199,0
DA:202,0
DA:203,0
DA:204,0
DA:207,0
DA:216,0
DA:217,0
LF:80
LH:13
BRDA:13,0,0,0
BRDA:13,0,1,0
BRDA:14,1,0,0
BRDA:14,1,1,0
BRDA:16,2,0,0
BRDA:16,2,1,0
BRDA:20,3,0,0
BRDA:20,3,1,0
BRDA:21,4,0,0
BRDA:21,4,1,0
BRDA:27,5,0,0
BRDA:27,5,1,0
BRDA:33,6,0,0
BRDA:33,6,1,0
BRDA:35,7,0,0
BRDA:35,7,1,0
BRDA:35,8,0,0
BRDA:35,8,1,0
BRDA:43,9,0,0
BRDA:43,9,1,0
BRDA:48,10,0,0
BRDA:48,10,1,0
BRDA:76,11,0,3
BRDA:76,11,1,3
BRDA:78,12,0,3
BRDA:78,13,0,3
BRDA:80,14,0,0
BRDA:80,14,1,3
BRDA:80,15,0,3
BRDA:80,15,1,3
BRDA:88,16,0,3
BRDA:88,16,1,0
BRDA:137,17,0,0
BRDA:137,17,1,0
BRDA:141,18,0,0
BRDA:144,19,0,0
BRDA:144,19,1,0
BRDA:144,19,2,0
BRDA:144,19,3,0
BRDA:145,20,0,0
BRDA:145,20,1,0
BRDA:145,21,0,0
BRDA:145,21,1,0
BRDA:145,21,2,0
BRDA:145,21,3,0
BRDA:156,22,0,0
BRDA:156,22,1,0
BRDA:157,23,0,0
BRDA:157,23,1,0
BRDA:159,24,0,0
BRDA:159,24,1,0
BRDA:167,25,0,0
BRDA:167,25,1,0
BRDA:168,26,0,0
BRDA:168,26,1,0
BRDA:171,27,0,0
BRDA:171,27,1,0
BRDA:178,28,0,0
BRDA:178,28,1,0
BRDA:189,29,0,0
BRDA:189,29,1,0
BRDA:191,30,0,0
BRDA:191,30,1,0
BRDA:192,31,0,0
BRDA:192,31,1,0
BRDA:197,32,0,0
BRDA:197,32,1,0
BRDA:203,33,0,0
BRDA:203,33,1,0
BRF:69
BRH:8
end_of_record
TN:
SF:src/controllers/multimodalController.js
FN:4,(anonymous_0)
FN:23,(anonymous_1)
FNF:2
FNH:0
FNDA:0,(anonymous_0)
FNDA:0,(anonymous_1)
DA:1,10
DA:4,10
DA:5,0
DA:7,0
DA:9,0
DA:10,0
DA:11,0
DA:13,0
DA:16,0
DA:23,10
DA:24,0
DA:27,0
DA:28,0
DA:32,0
DA:33,0
DA:34,0
DA:35,0
DA:37,0
DA:40,0
LF:19
LH:3
BRDA:9,0,0,0
BRDA:9,0,1,0
BRDA:28,1,0,0
BRDA:28,1,1,0
BRDA:32,2,0,0
BRDA:32,2,1,0
BRDA:34,3,0,0
BRDA:34,3,1,0
BRF:8
BRH:0
end_of_record
TN:
SF:src/controllers/userController.js
FN:4,(anonymous_0)
FN:14,(anonymous_1)
FN:29,(anonymous_2)
FN:60,(anonymous_3)
FN:100,(anonymous_4)
FN:117,(anonymous_5)
FN:187,(anonymous_6)
FN:219,(anonymous_7)
FN:239,(anonymous_8)
FN:265,(anonymous_9)
FN:289,(anonymous_10)
FNF:11
FNH:6
FNDA:0,(anonymous_0)
FNDA:0,(anonymous_1)
FNDA:1,(anonymous_2)
FNDA:1,(anonymous_3)
FNDA:1,(anonymous_4)
FNDA:2,(anonymous_5)
FNDA:1,(anonymous_6)
FNDA:1,(anonymous_7)
FNDA:0,(anonymous_8)
FNDA:0,(anonymous_9)
FNDA:0,(anonymous_10)
DA:1,10
DA:4,10
DA:5,0
DA:6,0
DA:7,0
DA:9,0
DA:14,10
DA:15,0
DA:16,0
DA:17,0
DA:18,0
DA:19,0
DA:24,0
DA:29,10
DA:30,1
DA:31,1
DA:33,1
DA:34,0
DA:37,1
DA:38,1
DA:39,0
DA:42,1
DA:43,1
DA:44,1
DA:46,1
DA:48,1
DA:55,0
DA:60,10
DA:61,1
DA:62,1
DA:63,1
DA:65,1
DA:66,0
DA:69,1
DA:70,1
DA:71,0
DA:74,1
DA:75,1
DA:78,1
DA:79,0
DA:82,1
DA:84,1
DA:95,0
DA:100,10
DA:101,1
DA:102,1
DA:104,1
DA:105,0
DA:107,1
DA:112,0
DA:117,10
DA:118,2
DA:119,2
DA:120,2
DA:121,2
DA:122,2
DA:124,2
DA:127,2
DA:133,1
DA:134,1
DA:139,1
DA:140,1
DA:142,1
DA:143,1
DA:144,0
DA:145,0
DA:148,1
DA:151,1
DA:152,1
DA:157,1
DA:158,1
DA:163,1
DA:166,1
DA:167,1
DA:169,1
DA:179,0
DA:180,0
DA:187,10
DA:188,1
DA:189,1
DA:191,1
DA:192,1
DA:193,0
DA:196,1
DA:197,1
DA:198,1
DA:199,1
DA:201,1
DA:203,1
DA:214,0
DA:219,10
DA:220,1
DA:221,1
DA:225,1
DA:226,0
DA:229,1
DA:234,0
DA:239,10
DA:240,0
DA:241,0
DA:243,0
DA:245,0
DA:246,0
DA:247,0
DA:250,0
DA:252,0
DA:260,0
DA:265,10
DA:266,0
DA:267,0
DA:268,0
DA:269,0
DA:272,0
DA:273,0
DA:274,0
DA:277,0
DA:278,0
DA:279,0
DA:282,0
DA:284,0
DA:289,10
DA:290,0
DA:291,0
DA:293,0
DA:294,0
DA:298,0
DA:299,0
DA:302,0
DA:303,0
DA:304,0
DA:307,0
DA:308,0
DA:309,0
DA:312,0
DA:313,0
DA:315,0
DA:317,0
LF:137
LH:73
BRDA:17,0,0,0
BRDA:17,0,1,0
BRDA:33,1,0,0
BRDA:33,1,1,1
BRDA:33,2,0,1
BRDA:33,2,1,1
BRDA:38,3,0,0
BRDA:38,3,1,1
BRDA:65,4,0,0
BRDA:65,4,1,1
BRDA:70,5,0,0
BRDA:70,5,1,1
BRDA:75,6,0,1
BRDA:75,6,1,0
BRDA:78,7,0,0
BRDA:78,7,1,1
BRDA:78,8,0,1
BRDA:78,8,1,1
BRDA:104,9,0,0
BRDA:104,9,1,1
BRDA:127,10,0,1
BRDA:127,10,1,1
BRDA:128,11,0,2
BRDA:128,11,1,1
BRDA:128,11,2,1
BRDA:128,11,3,1
BRDA:143,12,0,0
BRDA:143,12,1,1
BRDA:192,13,0,0
BRDA:192,13,1,1
BRDA:196,14,0,1
BRDA:196,14,1,0
BRDA:197,15,0,1
BRDA:197,15,1,0
BRDA:198,16,0,0
BRDA:198,16,1,1
BRDA:199,17,0,0
BRDA:199,17,1,1
BRDA:225,18,0,0
BRDA:225,18,1,1
BRDA:243,19,0,0
BRDA:243,19,1,0
BRDA:245,20,0,0
BRDA:245,20,1,0
BRDA:250,21,0,0
BRDA:250,21,1,0
BRDA:254,22,0,0
BRDA:254,22,1,0
BRDA:255,23,0,0
BRDA:255,23,1,0
BRDA:256,24,0,0
BRDA:256,24,1,0
BRDA:257,25,0,0
BRDA:257,25,1,0
BRDA:268,26,0,0
BRDA:268,26,1,0
BRDA:273,27,0,0
BRDA:273,27,1,0
BRDA:278,28,0,0
BRDA:278,28,1,0
BRDA:293,29,0,0
BRDA:293,29,1,0
BRDA:293,30,0,0
BRDA:293,30,1,0
BRDA:298,31,0,0
BRDA:298,31,1,0
BRDA:303,32,0,0
BRDA:303,32,1,0
BRDA:308,33,0,0
BRDA:308,33,1,0
BRF:70
BRH:24
end_of_record
TN:
SF:src/controllers/watchlistController.js
FN:4,(anonymous_0)
FN:32,(anonymous_1)
FN:46,(anonymous_2)
FNF:3
FNH:0
FNDA:0,(anonymous_0)
FNDA:0,(anonymous_1)
FNDA:0,(anonymous_2)
DA:1,10
DA:4,10
DA:5,0
DA:6,0
DA:8,0
DA:9,0
DA:12,0
DA:18,0
DA:24,0
DA:25,0
DA:27,0
DA:32,10
DA:33,0
DA:34,0
DA:35,0
DA:41,0
DA:46,10
DA:47,0
DA:48,0
DA:53,0
DA:54,0
DA:57,0
DA:62,0
LF:23
LH:4
BRDA:8,0,0,0
BRDA:8,0,1,0
BRDA:8,1,0,0
BRDA:8,1,1,0
BRDA:24,2,0,0
BRDA:24,2,1,0
BRDA:53,3,0,0
BRDA:53,3,1,0
BRF:8
BRH:0
end_of_record
TN:
SF:src/middleware/authMiddleware.js
FN:5,(anonymous_0)
FN:43,(anonymous_1)
FN:44,(anonymous_2)
FN:55,(anonymous_3)
FNF:4
FNH:4
FNDA:34,(anonymous_0)
FNDA:40,(anonymous_1)
FNDA:7,(anonymous_2)
FNDA:9,(anonymous_3)
DA:1,10
DA:2,10
DA:5,10
DA:8,34
DA:9,34
DA:12,34
DA:13,0
DA:19,34
DA:21,34
DA:24,34
DA:26,34
DA:27,0
DA:33,34
DA:35,0
DA:43,10
DA:44,40
DA:45,7
DA:46,0
DA:51,7
DA:55,10
DA:56,9
DA:57,0
DA:62,9
LF:23
LH:18
BRDA:8,0,0,34
BRDA:8,0,1,0
BRDA:8,1,0,34
BRDA:8,1,1,34
BRDA:12,2,0,0
BRDA:12,2,1,34
BRDA:26,3,0,0
BRDA:26,3,1,34
BRDA:45,4,0,0
BRDA:45,4,1,7
BRDA:56,5,0,0
BRDA:56,5,1,9
BRF:12
BRH:7
end_of_record
TN:
SF:src/models/AnalyticsCache.js
FNF:0
FNH:0
DA:1,10
DA:3,10
DA:33,10
DA:35,10
LF:4
LH:4
BRF:0
BRH:0
end_of_record
TN:
SF:src/models/Auction.js
FNF:0
FNH:0
DA:1,10
DA:3,10
DA:19,10
DA:66,10
LF:4
LH:4
BRF:0
BRH:0
end_of_record
TN:
SF:src/models/Chat.js
FNF:0
FNH:0
DA:1,11
DA:3,11
DA:28,11
DA:44,11
DA:46,11
LF:5
LH:5
BRF:0
BRH:0
end_of_record
TN:
SF:src/models/Deal.js
FN:56,(anonymous_0)
FNF:1
FNH:0
FNDA:0,(anonymous_0)
DA:1,11
DA:3,11
DA:56,11
DA:57,0
DA:58,0
DA:59,0
DA:63,11
LF:7
LH:4
BRDA:57,0,0,0
BRDA:57,0,1,0
BRDA:57,1,0,0
BRDA:57,1,1,0
BRDA:57,1,2,0
BRF:5
BRH:0
end_of_record
TN:
SF:src/models/Inventory.js
FNF:0
FNH:0
DA:1,10
DA:3,10
DA:42,10
LF:3
LH:3
BRF:0
BRH:0
end_of_record
TN:
SF:src/models/LanguagePreference.js
FNF:0
FNH:0
DA:1,10
DA:3,10
DA:15,10
LF:3
LH:3
BRF:0
BRH:0
end_of_record
TN:
SF:src/models/Location.js
FN:23,(anonymous_0)
FNF:1
FNH:0
FNDA:0,(anonymous_0)
DA:1,10
DA:3,10
DA:23,0
DA:38,10
DA:40,10
LF:5
LH:4
BRDA:23,0,0,0
BRDA:23,0,1,0
BRF:2
BRH:0
end_of_record
TN:
SF:src/models/MandiPrice.js
FNF:0
FNH:0
DA:1,10
DA:3,10
DA:44,10
DA:45,10
DA:46,10
DA:47,10
DA:49,10
LF:7
LH:7
BRF:0
BRH:0
end_of_record
TN:
SF:src/models/User.js
FN:91,(anonymous_0)
FN:100,(anonymous_1)
FNF:2
FNH:2
FNDA:54,(anonymous_0)
FNDA:4,(anonymous_1)
DA:1,11
DA:3,11
DA:89,11
DA:91,11
DA:92,54
DA:93,41
DA:95,13
DA:96,13
DA:100,11
DA:101,4
DA:105,11
DA:107,11
LF:12
LH:12
BRDA:92,0,0,41
BRDA:92,0,1,13
BRF:2
BRH:2
end_of_record
TN:
SF:src/models/Watchlist.js
FNF:0
FNH:0
DA:1,10
DA:3,10
DA:24,10
DA:26,10
LF:4
LH:4
BRF:0
BRH:0
end_of_record
TN:
SF:src/routes/adminRoutes.js
FNF:0
FNH:0
DA:1,10
DA:2,10
DA:3,10
DA:4,10
DA:7,10
DA:8,10
DA:10,10
DA:11,10
DA:12,10
DA:13,10
DA:15,10
LF:11
LH:11
BRF:0
BRH:0
end_of_record
TN:
SF:src/routes/analyticsRoutes.js
FNF:0
FNH:0
DA:1,10
DA:2,10
DA:3,10
DA:4,10
DA:43,10
DA:44,10
LF:6
LH:6
BRF:0
BRH:0
end_of_record
TN:
SF:src/routes/auctionRoutes.js
FNF:0
FNH:0
DA:1,10
DA:2,10
DA:9,10
DA:15,10
DA:18,10
DA:27,10
DA:36,10
DA:44,10
DA:50,10
LF:9
LH:9
BRF:0
BRH:0
end_of_record
TN:
SF:src/routes/authRoutes.js
FNF:0
FNH:0
DA:1,10
DA:2,10
DA:3,10
DA:6,10
DA:7,10
DA:8,10
DA:9,10
DA:11,10
LF:8
LH:8
BRF:0
BRH:0
end_of_record
TN:
SF:src/routes/chatRoutes.js
FNF:0
FNH:0
DA:1,10
DA:2,10
DA:3,10
DA:4,10
DA:6,10
DA:8,10
DA:9,10
DA:10,10
DA:12,10
LF:9
LH:9
BRF:0
BRH:0
end_of_record
TN:
SF:src/routes/dealRoutes.js
FNF:0
FNH:0
DA:1,10
DA:2,10
DA:3,10
DA:4,10
DA:6,10
DA:8,10
DA:9,10
DA:10,10
DA:11,10
DA:12,10
DA:14,10
LF:11
LH:11
BRF:0
BRH:0
end_of_record
TN:
SF:src/routes/inventoryRoutes.js
FNF:0
FNH:0
DA:1,10
DA:2,10
DA:3,10
DA:4,10
DA:7,10
DA:10,10
DA:13,10
DA:16,10
DA:19,10
DA:22,10
DA:24,10
LF:11
LH:11
BRF:0
BRH:0
end_of_record
TN:
SF:src/routes/invoiceRoutes.js
FNF:0
FNH:0
DA:1,10
DA:2,10
DA:3,10
DA:4,10
DA:6,10
DA:8,10
DA:10,10
LF:7
LH:7
BRF:0
BRH:0
end_of_record
TN:
SF:src/routes/locationRoutes.js
FN:6,(anonymous_0)
FN:13,(anonymous_1)
FN:27,(anonymous_2)
FNF:3
FNH:0
FNDA:0,(anonymous_0)
FNDA:0,(anonymous_1)
FNDA:0,(anonymous_2)
DA:1,10
DA:2,10
DA:3,10
DA:6,10
DA:7,0
DA:8,0
DA:13,0
DA:20,0
DA:22,0
DA:27,10
DA:28,0
DA:29,0
DA:31,0
DA:32,0
DA:38,0
DA:46,0
DA:48,0
DA:52,10
LF:18
LH:6
BRDA:31,0,0,0
BRDA:31,0,1,0
BRDA:31,1,0,0
BRDA:31,1,1,0
BRDA:31,1,2,0
BRF:5
BRH:0
end_of_record
TN:
SF:src/routes/mandiRoutes.js
FNF:0
FNH:0
DA:1,10
DA:2,10
DA:3,10
DA:7,10
DA:10,10
DA:20,10
DA:24,10
DA:26,10
LF:8
LH:8
BRF:0
BRH:0
end_of_record
TN:
SF:src/routes/multimodalRoutes.js
FNF:0
FNH:0
DA:1,10
DA:2,10
DA:3,10
DA:7,10
DA:10,10
DA:17,10
DA:24,10
LF:7
LH:7
BRF:0
BRH:0
end_of_record
TN:
SF:src/routes/userRoutes.js
FNF:0
FNH:0
DA:1,10
DA:2,10
DA:3,10
DA:4,10
DA:7,10
DA:10,10
DA:17,10
DA:24,10
DA:32,10
DA:39,10
DA:46,10
DA:53,10
DA:59,10
DA:62,10
DA:63,10
DA:68,10
LF:16
LH:16
BRF:0
BRH:0
end_of_record
TN:
SF:src/routes/watchlistRoutes.js
FNF:0
FNH:0
DA:1,10
DA:2,10
DA:3,10
DA:4,10
DA:7,10
DA:9,10
DA:10,10
DA:11,10
DA:13,10
LF:9
LH:9
BRF:0
BRH:0
end_of_record
TN:
SF:src/services/trustService.js
FN:1,(anonymous_0)
FNF:1
FNH:1
FNDA:12,(anonymous_0)
DA:1,10
DA:5,12
DA:6,12
DA:8,12
LF:4
LH:4
BRF:0
BRH:0
end_of_record
